D1552504/dwi_ax_0
D1818665/dwi_ax_0
D1717147/dwi_ax_0
D1872185 is not labeled!
D2006696/dwi_ax_0
W0293437 is not labeled!
D1828372/dwi_ax_0
D2058776/dwi_ax_0
D2347786 is not labeled!
W0217505 is not labeled!
W0321389 is not labeled!
D1910657/dwi_ax_0
D1578502 is not labeled!
W0325703 is not labeled!
W0327632 is not labeled!
D1480462/dwi_ax_0
D2006571 is not labeled!
D1598545/dwi_ax_0
D1838333/dwi_ax_0
D2021951 is not labeled!
D1087996/dwi_ax_0
This series is not labeled!
D2206107 is not labeled!
W0203208 is not labeled!
D1785098/dwi_ax_0
D1948784/dwi_ax_0
D1948784/dwi_ax_1
D2102270 is not labeled!
W0283254 is not labeled!
W0327372 is not labeled!
D1556380/dwi_ax_1
D2315088 is not labeled!
W0226935 is not labeled!
W0332173 is not labeled!
D2156979 is not labeled!
D1453432 is not labeled!
D2012243 is not labeled!
D1936197 is not labeled!
D1296361 is not labeled!
D1831495/dwi_ax_0
D1969624/dwi_ax_0
D2015029 is not labeled!
D1910162 is not labeled!
W0204465 is not labeled!
D2049475 is not labeled!
W0201811 is not labeled!
D1787224/dwi_ax_0
D0879399 is not labeled!
W0253316 is not labeled!
D1715306/dwi_ax_0
D1781897 is not labeled!
W0189685 is not labeled!
D2152910 is not labeled!
D2235381 is not labeled!
D1323877 is not labeled!
D1314058 is not labeled!
W0310408 is not labeled!
D1688199/dwi_ax_0
D2156229 is not labeled!
D1401360 is not labeled!
D1858232/dwi_ax_0
D1708096 is not labeled!
W0304922 is not labeled!
D1808473/dwi_ax_0
D1485333/dwi_ax_0
D0846177 is not labeled!
W0224826 is not labeled!
W0312093 is not labeled!
D1422691 is not labeled!
D1977524 is not labeled!
D1900298/dwi_ax_0
W0286023 is not labeled!
D0737083/dwi_ax_1
W0236197 is not labeled!
D2316335 is not labeled!
D1328343 is not labeled!
W0311644 is not labeled!
D1928157/dwi_ax_0
D2315351 is not labeled!
D2341865 is not labeled!
D2209816 is not labeled!
D2248306 is not labeled!
D1452005 is not labeled!
D2174645 is not labeled!
D1573459/dwi_ax_0
D2216023 is not labeled!
W0254524 is not labeled!
D1887443/dwi_ax_0
D1897086 is not labeled!
W0247770 is not labeled!
D1352491 is not labeled!
W0306530 is not labeled!
W0310018 is not labeled!
D2336044 is not labeled!
12452
