No loc find for  D1393276
None
No loc find for  W0246668
None
No loc find for  D1818665
None
433
433
D0587082 dce_ax_0 stack10
D0587082 dce_ax_0 stack8
D0587082 dce_ax_0 stack9
D0587082 dce_ax_0 stack6
D0587082 dce_ax_0 stack7
D0587082 dce_ax_0 stack4
D0587082 dce_ax_0 stack5
D0587082 dce_ax_0 stack2
D0587082 dce_ax_0 stack3
D0587082 dce_ax_0 stack0
D0587082 dce_ax_0 stack1
D0590828 dwi_ax_1 stack0_b0guess
D0590828 dwi_ax_1 stack1_b250guess
D0631100 t2w_sag_0 stack0
D0631100 t2wfs_cor_0 stack0
D0643276 t2w_sag_0 stack0
D0646592 t2wfs_cor_0 stack0
D0735232 t2w_cor_0 stack0
D0737083 dwi_ax_1 stack1_b1000guess
D0737083 dwi_ax_1 stack0_b0guess
D0815906 t2w_cor_0 stack0
D0955974 t2w_sag_0 stack0
D0991178 dce_sag_0 stack0
D1076480 t2w_sag_0 stack0
D1076480 t2wfs_cor_0 stack0
D1076480 t2w_ax_0 stack0
D1087996 dwi_ax_0 stack0_b0
D1087996 dwi_ax_0 stack1_b1000
D1443546 t2w_sag_1 stack0
D1715306 dwi_ax_0 stack0_b0
D1715306 dwi_ax_0 stack1_b1000
D1717147 dwi_ax_0 stack1_b1000guess
D1717147 dwi_ax_0 stack0_b0guess
D1785098 dwi_ax_0 stack0_b0
D1785098 dwi_ax_0 stack1_b1200
D1787224 dwi_ax_0 stack0_b0
D1787224 dwi_ax_0 stack1_b1000
D1794430 t2w_sag_0 stack0
D1794430 t2w_cor_0 stack0
D1808473 dwi_ax_0 stack1_b1000guess
D1808473 dwi_ax_0 stack0_b0guess
D1808473 t2w_sag_0 stack0
D1818665 dwi_ax_0 stack0_b0
D1818665 dwi_ax_0 stack1_b1200
D1828372 dwi_ax_0 stack1_b1000guess
D1828372 dwi_ax_0 stack0_b0guess
D1831495 dwi_ax_0 stack0_b0
D1831495 dwi_ax_0 stack1_b1000
D1838333 dwi_ax_0 stack0_b0
D1838333 dwi_ax_0 stack1_b1000
D1839027 t2wfs_ax_0 stack0
D1839027 t2w_cor_0 stack0
D1858232 dwi_ax_0 stack0_b0
D1858232 dwi_ax_0 stack1_b1000
D1887443 dwi_ax_0 stack1_b1000guess
D1887443 dwi_ax_0 stack0_b0guess
D1889449 dce_ax_0 stack2
D1889449 dce_ax_0 stack3
D1889449 dce_ax_0 stack0
D1889449 dce_ax_0 stack1
D1896534 t2wfs_cor_0 stack0
D1900298 dwi_ax_0 stack8_b1500
D1900298 dwi_ax_0 stack6_b500
D1900298 dwi_ax_0 stack0_b0
D1900298 dwi_ax_0 stack4_b100
D1900298 dwi_ax_0 stack9_b2000
D1900298 dwi_ax_0 stack5_b200
D1900298 dwi_ax_0 stack2_b20
D1900298 dwi_ax_0 stack1_b10
D1900298 dwi_ax_0 stack7_b1000
D1900298 dwi_ax_0 stack3_b50
D1910657 dwi_ax_0 stack8_b1500
D1910657 dwi_ax_0 stack6_b500
D1910657 dwi_ax_0 stack0_b0
D1910657 dwi_ax_0 stack4_b100
D1910657 dwi_ax_0 stack9_b2000
D1910657 dwi_ax_0 stack5_b200
D1910657 dwi_ax_0 stack2_b20
D1910657 dwi_ax_0 stack1_b10
D1910657 dwi_ax_0 stack7_b1000
D1910657 dwi_ax_0 stack3_b50
D1464405 t2w_sag_0 stack0
D1480462 dwi_ax_0 stack1_b1000guess
D1480462 dwi_ax_0 stack0_b0guess
D1485333 dwi_ax_0 stack0_b0
D1485333 dwi_ax_0 stack1_b1000
D1552504 dwi_ax_0 stack1_b500
D1552504 dwi_ax_0 stack2_b1000
D1552504 dwi_ax_0 stack0_b0
D1556380 dwi_ax_1 stack0_b0
D1556380 dwi_ax_1 stack1_b1000
D1573459 dwi_ax_0 stack1_b500
D1573459 dwi_ax_0 stack2_b1000
D1573459 dwi_ax_0 stack0_b0
D1598531 t2w_sag_0 stack0
D1598545 dwi_ax_0 stack8_b2000
D1598545 dwi_ax_0 stack6_b500
D1598545 dwi_ax_0 stack0_b0
D1598545 dwi_ax_0 stack4_b100
D1598545 dwi_ax_0 stack5_b200
D1598545 dwi_ax_0 stack2_b20
D1598545 dwi_ax_0 stack1_b10
D1598545 dwi_ax_0 stack7_b1000
D1598545 dwi_ax_0 stack3_b50
D1598545 dce_ax_0 stack0
D1647102 t2wfs_ax_0 stack0
D1688199 dwi_ax_0 stack0_b0
D1688199 dwi_ax_0 stack1_b1000
D1690524 dce_ax_0 stack0
D1690524 dce_ax_0 stack1
D1928157 dwi_ax_0 stack8_b1500
D1928157 dwi_ax_0 stack6_b500
D1928157 dwi_ax_0 stack0_b0
D1928157 dwi_ax_0 stack4_b100
D1928157 dwi_ax_0 stack9_b2000
D1928157 dwi_ax_0 stack5_b200
D1928157 dwi_ax_0 stack2_b20
D1928157 dwi_ax_0 stack1_b10
D1928157 dwi_ax_0 stack7_b1000
D1928157 dwi_ax_0 stack3_b50
D1937161 t2w_sag_0 stack0
D1948784 dwi_ax_0 stack8_b1500
D1948784 dwi_ax_0 stack6_b500
D1948784 dwi_ax_0 stack0_b0
D1948784 dwi_ax_0 stack4_b100
D1948784 dwi_ax_0 stack9_b2000
D1948784 dwi_ax_0 stack5_b200
D1948784 dwi_ax_0 stack2_b20
D1948784 dwi_ax_0 stack1_b10
D1948784 dwi_ax_0 stack7_b1000
D1948784 dwi_ax_0 stack3_b50
D1948784 t2w_ax_0 stack0
D1948784 dwi_ax_1 stack0_b0
D1948784 dwi_ax_1 stack1_b1000
D1952124 dce_ax_0 stack2
D1952124 dce_ax_0 stack3
D1952124 dce_ax_0 stack0
D1952124 dce_ax_0 stack1
D1969624 dwi_ax_0 stack1_b1000guess
D1969624 dwi_ax_0 stack0_b0guess
D2006571 t2wfs_ax_0 stack0
D2006571 t2w_sag_0 stack0
D2006571 t2w_ax_0 stack0
D2006571 dwi_ax_0 stack0_b0
D2006571 dwi_ax_0 stack1_b1000
D2006696 t2wfs_ax_0 stack0
D2006696 t2w_ax_1 stack0
D2006696 dwi_ax_0 stack8_b1500
D2006696 dwi_ax_0 stack6_b500
D2006696 dwi_ax_0 stack0_b0
D2006696 dwi_ax_0 stack4_b100
D2006696 dwi_ax_0 stack9_b2000
D2006696 dwi_ax_0 stack5_b200
D2006696 dwi_ax_0 stack2_b20
D2006696 dwi_ax_0 stack1_b10
D2006696 dwi_ax_0 stack7_b1000
D2006696 dwi_ax_0 stack3_b50
D2006696 t2w_sag_0 stack0
D2025818 t2w_sag_0 stack0
D2037680 t2wfs_cor_0 stack0
D2041673 t2w_sag_0 stack0
D2049475 t2w_sag_0 stack0
D2049475 t2w_ax_0 stack0
D2049475 dwi_ax_0 stack1_b800
D2049475 dwi_ax_0 stack0_b0guess
D2049475 t2w_ax_1 stack0
D2058776 dwi_ax_0 stack8_b1500
D2058776 dwi_ax_0 stack6_b500
D2058776 dwi_ax_0 stack0_b0
D2058776 dwi_ax_0 stack4_b100
D2058776 dwi_ax_0 stack9_b2000
D2058776 dwi_ax_0 stack5_b200
D2058776 dwi_ax_0 stack2_b20
D2058776 dwi_ax_0 stack1_b10
D2058776 dwi_ax_0 stack7_b1000
D2058776 dwi_ax_0 stack3_b50
D2174645 t2w_ax_0 stack0
D2174645 t2wfs_ax_0 stack0
D2174645 dwi_ax_0 stack1_b1000guess
D2174645 dwi_ax_0 stack0_b0guess
D2174645 t2w_sag_0 stack0
W0312093 t2wfs_ax_0 stack0
W0312093 dwi_ax_0 stack0_b0
W0312093 dwi_ax_0 stack1_b1200
W0312093 t2w_ax_0 stack0
W0312093 t2wfs_cor_0 stack0
411
311
722
