Succ: /raid/yjgu/bladder/bladder_cleaned_distinct_series/D1910657/dwi_ax_0
Succ: /raid/yjgu/bladder/bladder_cleaned_distinct_series/D1910657/dwi_ax_1
Succ: /raid/yjgu/bladder/bladder_cleaned_distinct_series/D1498900/dwi_ax_0
Succ: /raid/yjgu/bladder/bladder_cleaned_distinct_series/W0263502/dwi_ax_0
Succ: /raid/yjgu/bladder/bladder_cleaned_distinct_series/D0954712/dwi_ax_0
Succ: /raid/yjgu/bladder/bladder_cleaned_distinct_series/D2037850/dwi_ax_0
Succ: /raid/yjgu/bladder/bladder_cleaned_distinct_series/D1974633/dwi_ax_0
Succ: /raid/yjgu/bladder/bladder_cleaned_distinct_series/W0334708/dwi_ax_0
Succ: /raid/yjgu/bladder/bladder_cleaned_distinct_series/D1842193/dwi_ax_0
Succ: /raid/yjgu/bladder/bladder_cleaned_distinct_series/D1662187/dwi_ax_0
Succ: /raid/yjgu/bladder/bladder_cleaned_distinct_series/D2336981/dwi_ax_0
Succ: /raid/yjgu/bladder/bladder_cleaned_distinct_series/D1624257/dwi_ax_0
Succ: /raid/yjgu/bladder/bladder_cleaned_distinct_series/W0315577/dwi_ax_0
Succ: /raid/yjgu/bladder/bladder_cleaned_distinct_series/D1608313/dwi_ax_0
Succ: /raid/yjgu/bladder/bladder_cleaned_distinct_series/D2006571/dwi_ax_0
Succ: /raid/yjgu/bladder/bladder_cleaned_distinct_series/W0335714/dwi_ax_0
Succ: /raid/yjgu/bladder/bladder_cleaned_distinct_series/D1872623/dwi_ax_1
Succ: /raid/yjgu/bladder/bladder_cleaned_distinct_series/D1835045/dwi_ax_0
Succ: /raid/yjgu/bladder/bladder_cleaned_distinct_series/W0279701/dwi_ax_0
Succ: /raid/yjgu/bladder/bladder_cleaned_distinct_series/D1872623/dwi_ax_0
Succ: /raid/yjgu/bladder/bladder_cleaned_distinct_series/D2249179/dwi_ax_0
Succ: /raid/yjgu/bladder/bladder_cleaned_distinct_series/D1987728/dwi_ax_0
Succ: /raid/yjgu/bladder/bladder_cleaned_distinct_series/D2219474/dwi_ax_0
Succ: /raid/yjgu/bladder/bladder_cleaned_distinct_series/D1751945/dwi_ax_0
Succ: /raid/yjgu/bladder/bladder_cleaned_distinct_series/W0254524/dwi_ax_0
Succ: /raid/yjgu/bladder/bladder_cleaned_distinct_series/D1452005/dwi_ax_1
Succ: /raid/yjgu/bladder/bladder_cleaned_distinct_series/D2218703/dwi_ax_0
Succ: /raid/yjgu/bladder/bladder_cleaned_distinct_series/D1452005/dwi_ax_0
Succ: /raid/yjgu/bladder/bladder_cleaned_distinct_series/D2110363/dwi_ax_1
Succ: /raid/yjgu/bladder/bladder_cleaned_distinct_series/W0265538/dwi_ax_0
Succ: /raid/yjgu/bladder/bladder_cleaned_distinct_series/D1708096/dwi_ax_0
Succ: /raid/yjgu/bladder/bladder_cleaned_distinct_series/D1858011/dwi_ax_0
Succ: /raid/yjgu/bladder/bladder_cleaned_distinct_series/D1450097/dwi_ax_0
Succ: /raid/yjgu/bladder/bladder_cleaned_distinct_series/D0991178/dwi_ax_0
Succ: /raid/yjgu/bladder/bladder_cleaned_distinct_series/D2110363/dwi_ax_0
Succ: /raid/yjgu/bladder/bladder_cleaned_distinct_series/D2198037/dwi_ax_0
Succ: /raid/yjgu/bladder/bladder_cleaned_distinct_series/D1828372/dwi_ax_1
Succ: /raid/yjgu/bladder/bladder_cleaned_distinct_series/D1828372/dwi_ax_0
Succ: /raid/yjgu/bladder/bladder_cleaned_distinct_series/D1969400/dwi_ax_0
Succ: /raid/yjgu/bladder/bladder_cleaned_distinct_series/D1101220/dwi_ax_0
Succ: /raid/yjgu/bladder/bladder_cleaned_distinct_series/D1598545/dwi_ax_1
Succ: /raid/yjgu/bladder/bladder_cleaned_distinct_series/D1598545/dwi_ax_0
Succ: /raid/yjgu/bladder/bladder_cleaned_distinct_series/D2117590/dwi_ax_0
Succ: /raid/yjgu/bladder/bladder_cleaned_distinct_series/D1949425/dwi_ax_0
Succ: /raid/yjgu/bladder/bladder_cleaned_distinct_series/D0587082/dwi_ax_1
Succ: /raid/yjgu/bladder/bladder_cleaned_distinct_series/D0587082/dwi_ax_0
Succ: /raid/yjgu/bladder/bladder_cleaned_distinct_series/D0840572/dwi_ax_0
Succ: /raid/yjgu/bladder/bladder_cleaned_distinct_series/D2069242/dwi_ax_0
Succ: /raid/yjgu/bladder/bladder_cleaned_distinct_series/D1851522/dwi_ax_0
Succ: /raid/yjgu/bladder/bladder_cleaned_distinct_series/D2264029/dwi_ax_0
Succ: /raid/yjgu/bladder/bladder_cleaned_distinct_series/D1013320/dwi_ax_0
Succ: /raid/yjgu/bladder/bladder_cleaned_distinct_series/D2249136/dwi_ax_0
Succ: /raid/yjgu/bladder/bladder_cleaned_distinct_series/D2134578/dwi_ax_0
Succ: /raid/yjgu/bladder/bladder_cleaned_distinct_series/W0189685/dwi_ax_0
Succ: /raid/yjgu/bladder/bladder_cleaned_distinct_series/D1461411/dwi_ax_0
Succ: /raid/yjgu/bladder/bladder_cleaned_distinct_series/D1711530/dwi_ax_0
Succ: /raid/yjgu/bladder/bladder_cleaned_distinct_series/D1803761/dwi_ax_0
Succ: /raid/yjgu/bladder/bladder_cleaned_distinct_series/D1681679/dwi_ax_0
Succ: /raid/yjgu/bladder/bladder_cleaned_distinct_series/D1626072/dwi_ax_0
Succ: /raid/yjgu/bladder/bladder_cleaned_distinct_series/9007431835/dwi_ax_0
Succ: /raid/yjgu/bladder/bladder_cleaned_distinct_series/W0323391/dwi_ax_0
Succ: /raid/yjgu/bladder/bladder_cleaned_distinct_series/W0248128/dwi_ax_0
Succ: /raid/yjgu/bladder/bladder_cleaned_distinct_series/D1483674/dwi_ax_0
Succ: /raid/yjgu/bladder/bladder_cleaned_distinct_series/D1328343/dwi_ax_0
Succ: /raid/yjgu/bladder/bladder_cleaned_distinct_series/W0329327/dwi_ax_0
Succ: /raid/yjgu/bladder/bladder_cleaned_distinct_series/D2352358/dwi_ax_0
Succ: /raid/yjgu/bladder/bladder_cleaned_distinct_series/D1861566/dwi_ax_0
Succ: /raid/yjgu/bladder/bladder_cleaned_distinct_series/D1543724/dwi_ax_0
Succ: /raid/yjgu/bladder/bladder_cleaned_distinct_series/W0245599/dwi_ax_0
Succ: /raid/yjgu/bladder/bladder_cleaned_distinct_series/D2235957/dwi_ax_0
Succ: /raid/yjgu/bladder/bladder_cleaned_distinct_series/D0984057/dwi_ax_0
Succ: /raid/yjgu/bladder/bladder_cleaned_distinct_series/D1831208/dwi_ax_0
Succ: /raid/yjgu/bladder/bladder_cleaned_distinct_series/D1572903/dwi_ax_0
Succ: /raid/yjgu/bladder/bladder_cleaned_distinct_series/D1506481/dwi_ax_0
Succ: /raid/yjgu/bladder/bladder_cleaned_distinct_series/D1598531/dwi_ax_0
Succ: /raid/yjgu/bladder/bladder_cleaned_distinct_series/D2365840/dwi_ax_0
Succ: /raid/yjgu/bladder/bladder_cleaned_distinct_series/D2156782/dwi_ax_0
Succ: /raid/yjgu/bladder/bladder_cleaned_distinct_series/D1822968/dwi_ax_0
Succ: /raid/yjgu/bladder/bladder_cleaned_distinct_series/W0310408/dwi_ax_0
Succ: /raid/yjgu/bladder/bladder_cleaned_distinct_series/D1536615/dwi_ax_0
Succ: /raid/yjgu/bladder/bladder_cleaned_distinct_series/W0327275/dwi_ax_0
Succ: /raid/yjgu/bladder/bladder_cleaned_distinct_series/D1733645/dwi_ax_0
Succ: /raid/yjgu/bladder/bladder_cleaned_distinct_series/W0292081/dwi_ax_0
Succ: /raid/yjgu/bladder/bladder_cleaned_distinct_series/D2164082/dwi_ax_0
Succ: /raid/yjgu/bladder/bladder_cleaned_distinct_series/D1503329/dwi_ax_0
Succ: /raid/yjgu/bladder/bladder_cleaned_distinct_series/D1977833/dwi_ax_0
Succ: /raid/yjgu/bladder/bladder_cleaned_distinct_series/D1420043/dwi_ax_0
Succ: /raid/yjgu/bladder/bladder_cleaned_distinct_series/D0974241/dwi_ax_0
Succ: /raid/yjgu/bladder/bladder_cleaned_distinct_series/D1973816/dwi_ax_0
Succ: /raid/yjgu/bladder/bladder_cleaned_distinct_series/D2037680/dwi_ax_0
Succ: /raid/yjgu/bladder/bladder_cleaned_distinct_series/D0564603/dwi_ax_0
Succ: /raid/yjgu/bladder/bladder_cleaned_distinct_series/D1980432/dwi_ax_0
Succ: /raid/yjgu/bladder/bladder_cleaned_distinct_series/W0141785/dwi_ax_0
Succ: /raid/yjgu/bladder/bladder_cleaned_distinct_series/D1463726/dwi_ax_1
Succ: /raid/yjgu/bladder/bladder_cleaned_distinct_series/D1728693/dwi_ax_0
Succ: /raid/yjgu/bladder/bladder_cleaned_distinct_series/D1463726/dwi_ax_0
Succ: /raid/yjgu/bladder/bladder_cleaned_distinct_series/W0223220/dwi_ax_0
Succ: /raid/yjgu/bladder/bladder_cleaned_distinct_series/D1891568/dwi_ax_0
Succ: /raid/yjgu/bladder/bladder_cleaned_distinct_series/D2050176/dwi_ax_0
Succ: /raid/yjgu/bladder/bladder_cleaned_distinct_series/D1691382/dwi_ax_0
Succ: /raid/yjgu/bladder/bladder_cleaned_distinct_series/W0319315/dwi_ax_0
Succ: /raid/yjgu/bladder/bladder_cleaned_distinct_series/D1963107/dwi_ax_0
Succ: /raid/yjgu/bladder/bladder_cleaned_distinct_series/D1994028/dwi_ax_0
Succ: /raid/yjgu/bladder/bladder_cleaned_distinct_series/D1897457/dwi_ax_0
Succ: /raid/yjgu/bladder/bladder_cleaned_distinct_series/D1791202/dwi_ax_0
Succ: /raid/yjgu/bladder/bladder_cleaned_distinct_series/D1490643/dwi_ax_0
Succ: /raid/yjgu/bladder/bladder_cleaned_distinct_series/D2198353/dwi_ax_0
Succ: /raid/yjgu/bladder/bladder_cleaned_distinct_series/D2060364/dwi_ax_0
Succ: /raid/yjgu/bladder/bladder_cleaned_distinct_series/D0846778/dwi_ax_0
Succ: /raid/yjgu/bladder/bladder_cleaned_distinct_series/D2206107/dwi_ax_0
Succ: /raid/yjgu/bladder/bladder_cleaned_distinct_series/D1708142/dwi_ax_0
Succ: /raid/yjgu/bladder/bladder_cleaned_distinct_series/D1373695/dwi_ax_0
Succ: /raid/yjgu/bladder/bladder_cleaned_distinct_series/D1796318/dwi_ax_0
Succ: /raid/yjgu/bladder/bladder_cleaned_distinct_series/D1727424/dwi_ax_0
Succ: /raid/yjgu/bladder/bladder_cleaned_distinct_series/D1380407/dwi_ax_0
Succ: /raid/yjgu/bladder/bladder_cleaned_distinct_series/D2296970/dwi_ax_0
Succ: /raid/yjgu/bladder/bladder_cleaned_distinct_series/D1207490/dwi_ax_0
Succ: /raid/yjgu/bladder/bladder_cleaned_distinct_series/D2342302/dwi_ax_0
Succ: /raid/yjgu/bladder/bladder_cleaned_distinct_series/D2174419/dwi_ax_0
Succ: /raid/yjgu/bladder/bladder_cleaned_distinct_series/D2021951/dwi_ax_1
Succ: /raid/yjgu/bladder/bladder_cleaned_distinct_series/D2335473/dwi_ax_0
Succ: /raid/yjgu/bladder/bladder_cleaned_distinct_series/D2331810/dwi_ax_0
Succ: /raid/yjgu/bladder/bladder_cleaned_distinct_series/D2021951/dwi_ax_0
Succ: /raid/yjgu/bladder/bladder_cleaned_distinct_series/D1808473/dwi_ax_1
Succ: /raid/yjgu/bladder/bladder_cleaned_distinct_series/D1808473/dwi_ax_0
Succ: /raid/yjgu/bladder/bladder_cleaned_distinct_series/D2119463/dwi_ax_0
Succ: /raid/yjgu/bladder/bladder_cleaned_distinct_series/D1314058/dwi_ax_0
Succ: /raid/yjgu/bladder/bladder_cleaned_distinct_series/W0228012/dwi_ax_0
Succ: /raid/yjgu/bladder/bladder_cleaned_distinct_series/D1296361/dwi_ax_0
Succ: /raid/yjgu/bladder/bladder_cleaned_distinct_series/D2240778/dwi_ax_0
Succ: /raid/yjgu/bladder/bladder_cleaned_distinct_series/W0311685/dwi_ax_0
Succ: /raid/yjgu/bladder/bladder_cleaned_distinct_series/D1580255/dwi_ax_0
Succ: /raid/yjgu/bladder/bladder_cleaned_distinct_series/D2244714/dwi_ax_0
Succ: /raid/yjgu/bladder/bladder_cleaned_distinct_series/D1800798/dwi_ax_0
Succ: /raid/yjgu/bladder/bladder_cleaned_distinct_series/W0279119/dwi_ax_0
Succ: /raid/yjgu/bladder/bladder_cleaned_distinct_series/D0736846/dwi_ax_0
Succ: /raid/yjgu/bladder/bladder_cleaned_distinct_series/D1658289/dwi_ax_0
Succ: /raid/yjgu/bladder/bladder_cleaned_distinct_series/D2183541/dwi_ax_0
Succ: /raid/yjgu/bladder/bladder_cleaned_distinct_series/W0266587/dwi_ax_0
Succ: /raid/yjgu/bladder/bladder_cleaned_distinct_series/W0238591/dwi_ax_0
Succ: /raid/yjgu/bladder/bladder_cleaned_distinct_series/D0984667/dwi_ax_1
Error: /raid/yjgu/bladder/bladder_cleaned_distinct_series/D0984667/dwi_ax_0
Traceback (most recent call last):
  File "full_preprocess.py", line 90, in process_work
    whole_adc, whole_dwi_b0, whole_dwi_b1000, mask, dilated_mask = full_preprocess(series_path, True)
  File "full_preprocess.py", line 28, in full_preprocess
    assert np.abs(nearest_b_low - B_LOW) <= 500
AssertionError

Succ: /raid/yjgu/bladder/bladder_cleaned_distinct_series/D1334835/dwi_ax_0
Succ: /raid/yjgu/bladder/bladder_cleaned_distinct_series/D1490385/dwi_ax_0
Succ: /raid/yjgu/bladder/bladder_cleaned_distinct_series/D1902550/dwi_ax_0
Succ: /raid/yjgu/bladder/bladder_cleaned_distinct_series/D1498260/dwi_ax_0
Succ: /raid/yjgu/bladder/bladder_cleaned_distinct_series/D2173734/dwi_ax_0
Succ: /raid/yjgu/bladder/bladder_cleaned_distinct_series/D2282924/dwi_ax_0
Succ: /raid/yjgu/bladder/bladder_cleaned_distinct_series/D1791705/dwi_ax_0
Succ: /raid/yjgu/bladder/bladder_cleaned_distinct_series/D1787224/dwi_ax_1
Succ: /raid/yjgu/bladder/bladder_cleaned_distinct_series/D1359386/dwi_ax_0
Succ: /raid/yjgu/bladder/bladder_cleaned_distinct_series/D2093022/dwi_ax_0
Succ: /raid/yjgu/bladder/bladder_cleaned_distinct_series/D1787224/dwi_ax_0
Succ: /raid/yjgu/bladder/bladder_cleaned_distinct_series/D2272379/dwi_ax_0
Succ: /raid/yjgu/bladder/bladder_cleaned_distinct_series/D1578902/dwi_ax_0
Succ: /raid/yjgu/bladder/bladder_cleaned_distinct_series/W0220960/dwi_ax_0
Succ: /raid/yjgu/bladder/bladder_cleaned_distinct_series/D1379505/dwi_ax_1
Succ: /raid/yjgu/bladder/bladder_cleaned_distinct_series/D1741616/dwi_ax_0
Succ: /raid/yjgu/bladder/bladder_cleaned_distinct_series/D1493405/dwi_ax_0
Succ: /raid/yjgu/bladder/bladder_cleaned_distinct_series/D1984004/dwi_ax_0
Succ: /raid/yjgu/bladder/bladder_cleaned_distinct_series/W0331376/dwi_ax_0
Succ: /raid/yjgu/bladder/bladder_cleaned_distinct_series/D1379505/dwi_ax_0
Succ: /raid/yjgu/bladder/bladder_cleaned_distinct_series/W0304922/dwi_ax_0
Succ: /raid/yjgu/bladder/bladder_cleaned_distinct_series/D1818487/dwi_ax_0
Succ: /raid/yjgu/bladder/bladder_cleaned_distinct_series/D1634890/dwi_ax_1
Succ: /raid/yjgu/bladder/bladder_cleaned_distinct_series/D2052329/dwi_ax_0
Succ: /raid/yjgu/bladder/bladder_cleaned_distinct_series/D1974855/dwi_ax_0
Succ: /raid/yjgu/bladder/bladder_cleaned_distinct_series/D1634890/dwi_ax_0
Succ: /raid/yjgu/bladder/bladder_cleaned_distinct_series/D1860998/dwi_ax_0
Succ: /raid/yjgu/bladder/bladder_cleaned_distinct_series/W0307780/dwi_ax_0
Succ: /raid/yjgu/bladder/bladder_cleaned_distinct_series/D0565951/dwi_ax_1
Succ: /raid/yjgu/bladder/bladder_cleaned_distinct_series/D2136514/dwi_ax_0
Succ: /raid/yjgu/bladder/bladder_cleaned_distinct_series/D1874224/dwi_ax_0
Succ: /raid/yjgu/bladder/bladder_cleaned_distinct_series/D0565951/dwi_ax_0
Succ: /raid/yjgu/bladder/bladder_cleaned_distinct_series/W0310018/dwi_ax_0
Succ: /raid/yjgu/bladder/bladder_cleaned_distinct_series/D2282376/dwi_ax_0
Succ: /raid/yjgu/bladder/bladder_cleaned_distinct_series/D2004231/dwi_ax_0
Succ: /raid/yjgu/bladder/bladder_cleaned_distinct_series/D1475670/dwi_ax_1
Succ: /raid/yjgu/bladder/bladder_cleaned_distinct_series/D1475670/dwi_ax_0
Succ: /raid/yjgu/bladder/bladder_cleaned_distinct_series/D0501566/dwi_ax_0
Succ: /raid/yjgu/bladder/bladder_cleaned_distinct_series/D1608704/dwi_ax_0
Succ: /raid/yjgu/bladder/bladder_cleaned_distinct_series/D1858446/dwi_ax_0
Succ: /raid/yjgu/bladder/bladder_cleaned_distinct_series/D1682310/dwi_ax_0
Succ: /raid/yjgu/bladder/bladder_cleaned_distinct_series/D2058776/dwi_ax_1
Succ: /raid/yjgu/bladder/bladder_cleaned_distinct_series/D2058776/dwi_ax_0
Succ: /raid/yjgu/bladder/bladder_cleaned_distinct_series/D1782054/dwi_ax_0
Succ: /raid/yjgu/bladder/bladder_cleaned_distinct_series/D1552504/dwi_ax_1
Succ: /raid/yjgu/bladder/bladder_cleaned_distinct_series/D1656927/dwi_ax_0
Succ: /raid/yjgu/bladder/bladder_cleaned_distinct_series/D1552504/dwi_ax_0
Succ: /raid/yjgu/bladder/bladder_cleaned_distinct_series/D1390419/dwi_ax_1
Succ: /raid/yjgu/bladder/bladder_cleaned_distinct_series/D1390419/dwi_ax_0
Succ: /raid/yjgu/bladder/bladder_cleaned_distinct_series/D1060990/dwi_ax_0
Succ: /raid/yjgu/bladder/bladder_cleaned_distinct_series/D0646592/dwi_ax_0
Succ: /raid/yjgu/bladder/bladder_cleaned_distinct_series/D1785662/dwi_ax_0
Succ: /raid/yjgu/bladder/bladder_cleaned_distinct_series/D1230533/dwi_ax_1
Succ: /raid/yjgu/bladder/bladder_cleaned_distinct_series/D1608199/dwi_ax_0
Succ: /raid/yjgu/bladder/bladder_cleaned_distinct_series/D1230533/dwi_ax_0
Succ: /raid/yjgu/bladder/bladder_cleaned_distinct_series/W0327640/dwi_ax_0
Succ: /raid/yjgu/bladder/bladder_cleaned_distinct_series/D0667043/dwi_ax_0
Succ: /raid/yjgu/bladder/bladder_cleaned_distinct_series/W0326474/dwi_ax_0
Succ: /raid/yjgu/bladder/bladder_cleaned_distinct_series/W0293437/dwi_ax_0
Succ: /raid/yjgu/bladder/bladder_cleaned_distinct_series/D1858232/dwi_ax_1
Succ: /raid/yjgu/bladder/bladder_cleaned_distinct_series/D1858232/dwi_ax_0
Succ: /raid/yjgu/bladder/bladder_cleaned_distinct_series/D2193694/dwi_ax_0
Succ: /raid/yjgu/bladder/bladder_cleaned_distinct_series/W0292688/dwi_ax_0
Succ: /raid/yjgu/bladder/bladder_cleaned_distinct_series/D1658248/dwi_ax_0
Succ: /raid/yjgu/bladder/bladder_cleaned_distinct_series/W0304419/dwi_ax_0
Succ: /raid/yjgu/bladder/bladder_cleaned_distinct_series/D2116823/dwi_ax_0
Succ: /raid/yjgu/bladder/bladder_cleaned_distinct_series/D2257544/dwi_ax_0
Succ: /raid/yjgu/bladder/bladder_cleaned_distinct_series/D2294616/dwi_ax_0
Succ: /raid/yjgu/bladder/bladder_cleaned_distinct_series/D1025159/dwi_ax_0
Succ: /raid/yjgu/bladder/bladder_cleaned_distinct_series/W0260157/dwi_ax_0
Succ: /raid/yjgu/bladder/bladder_cleaned_distinct_series/W0278004/dwi_ax_0
Succ: /raid/yjgu/bladder/bladder_cleaned_distinct_series/D0701415/dwi_ax_0
Succ: /raid/yjgu/bladder/bladder_cleaned_distinct_series/D1623730/dwi_ax_0
Succ: /raid/yjgu/bladder/bladder_cleaned_distinct_series/D2314620/dwi_ax_0
Succ: /raid/yjgu/bladder/bladder_cleaned_distinct_series/W0325686/dwi_ax_0
Succ: /raid/yjgu/bladder/bladder_cleaned_distinct_series/W0331440/dwi_ax_0
Succ: /raid/yjgu/bladder/bladder_cleaned_distinct_series/D0800515/dwi_ax_0
Succ: /raid/yjgu/bladder/bladder_cleaned_distinct_series/D2336044/dwi_ax_0
Succ: /raid/yjgu/bladder/bladder_cleaned_distinct_series/D0974505/dwi_ax_0
Succ: /raid/yjgu/bladder/bladder_cleaned_distinct_series/W0321290/dwi_ax_0
Succ: /raid/yjgu/bladder/bladder_cleaned_distinct_series/D0847028/dwi_ax_0
Succ: /raid/yjgu/bladder/bladder_cleaned_distinct_series/W0304958/dwi_ax_0
Succ: /raid/yjgu/bladder/bladder_cleaned_distinct_series/D2102059/dwi_ax_0
Succ: /raid/yjgu/bladder/bladder_cleaned_distinct_series/D2049831/dwi_ax_0
Succ: /raid/yjgu/bladder/bladder_cleaned_distinct_series/W0313603/dwi_ax_0
Succ: /raid/yjgu/bladder/bladder_cleaned_distinct_series/D1951377/dwi_ax_0
Succ: /raid/yjgu/bladder/bladder_cleaned_distinct_series/D1610139/dwi_ax_0
Succ: /raid/yjgu/bladder/bladder_cleaned_distinct_series/D1951377/dwi_ax_1
Error: /raid/yjgu/bladder/bladder_cleaned_distinct_series/D1010054/dwi_ax_1
Traceback (most recent call last):
  File "full_preprocess.py", line 90, in process_work
    whole_adc, whole_dwi_b0, whole_dwi_b1000, mask, dilated_mask = full_preprocess(series_path, True)
  File "full_preprocess.py", line 29, in full_preprocess
    assert np.abs(nearest_b_high - B_HIGH) <= 500
AssertionError

Succ: /raid/yjgu/bladder/bladder_cleaned_distinct_series/D1010054/dwi_ax_0
Succ: /raid/yjgu/bladder/bladder_cleaned_distinct_series/D0946817/dwi_ax_0
Succ: /raid/yjgu/bladder/bladder_cleaned_distinct_series/D1241536/dwi_ax_0
Succ: /raid/yjgu/bladder/bladder_cleaned_distinct_series/D2218693/dwi_ax_0
Succ: /raid/yjgu/bladder/bladder_cleaned_distinct_series/D1935422/dwi_ax_0
Succ: /raid/yjgu/bladder/bladder_cleaned_distinct_series/D1493057/dwi_ax_0
Succ: /raid/yjgu/bladder/bladder_cleaned_distinct_series/D2183867/dwi_ax_0
Succ: /raid/yjgu/bladder/bladder_cleaned_distinct_series/W0310426/dwi_ax_0
Succ: /raid/yjgu/bladder/bladder_cleaned_distinct_series/D1747139/dwi_ax_0
Succ: /raid/yjgu/bladder/bladder_cleaned_distinct_series/D0815906/dwi_ax_0
Succ: /raid/yjgu/bladder/bladder_cleaned_distinct_series/D1681367/dwi_ax_0
Succ: /raid/yjgu/bladder/bladder_cleaned_distinct_series/D1358646/dwi_ax_0
Succ: /raid/yjgu/bladder/bladder_cleaned_distinct_series/W0203485/dwi_ax_0
Succ: /raid/yjgu/bladder/bladder_cleaned_distinct_series/W0316976/dwi_ax_0
Succ: /raid/yjgu/bladder/bladder_cleaned_distinct_series/D2041673/dwi_ax_1
Succ: /raid/yjgu/bladder/bladder_cleaned_distinct_series/W0230897/dwi_ax_0
Succ: /raid/yjgu/bladder/bladder_cleaned_distinct_series/D2242921/dwi_ax_0
Succ: /raid/yjgu/bladder/bladder_cleaned_distinct_series/W0336643/dwi_ax_0
Succ: /raid/yjgu/bladder/bladder_cleaned_distinct_series/W0256813/dwi_ax_0
Succ: /raid/yjgu/bladder/bladder_cleaned_distinct_series/D1536853/dwi_ax_1
Succ: /raid/yjgu/bladder/bladder_cleaned_distinct_series/D1536853/dwi_ax_0
Succ: /raid/yjgu/bladder/bladder_cleaned_distinct_series/D2295406/dwi_ax_0
Succ: /raid/yjgu/bladder/bladder_cleaned_distinct_series/D2241272/dwi_ax_1
Succ: /raid/yjgu/bladder/bladder_cleaned_distinct_series/W0236202/dwi_ax_0
Succ: /raid/yjgu/bladder/bladder_cleaned_distinct_series/D1485333/dwi_ax_1
Succ: /raid/yjgu/bladder/bladder_cleaned_distinct_series/D1485333/dwi_ax_0
Succ: /raid/yjgu/bladder/bladder_cleaned_distinct_series/D2041673/dwi_ax_0
Succ: /raid/yjgu/bladder/bladder_cleaned_distinct_series/D2241272/dwi_ax_0
Succ: /raid/yjgu/bladder/bladder_cleaned_distinct_series/D2015029/dwi_ax_0
Succ: /raid/yjgu/bladder/bladder_cleaned_distinct_series/D2056437/dwi_ax_0
Succ: /raid/yjgu/bladder/bladder_cleaned_distinct_series/D2015029/dwi_ax_1
Succ: /raid/yjgu/bladder/bladder_cleaned_distinct_series/D0719976/dwi_ax_0
Succ: /raid/yjgu/bladder/bladder_cleaned_distinct_series/W0333107/dwi_ax_0
Succ: /raid/yjgu/bladder/bladder_cleaned_distinct_series/D2166423/dwi_ax_0
Succ: /raid/yjgu/bladder/bladder_cleaned_distinct_series/D1618262/dwi_ax_0
Succ: /raid/yjgu/bladder/bladder_cleaned_distinct_series/W0294827/dwi_ax_0
Succ: /raid/yjgu/bladder/bladder_cleaned_distinct_series/D2313615/dwi_ax_0
Succ: /raid/yjgu/bladder/bladder_cleaned_distinct_series/D2031425/dwi_ax_0
Succ: /raid/yjgu/bladder/bladder_cleaned_distinct_series/D1391811/dwi_ax_0
Succ: /raid/yjgu/bladder/bladder_cleaned_distinct_series/D1230919/dwi_ax_1
Succ: /raid/yjgu/bladder/bladder_cleaned_distinct_series/D1715304/dwi_ax_0
Succ: /raid/yjgu/bladder/bladder_cleaned_distinct_series/D1230919/dwi_ax_0
Succ: /raid/yjgu/bladder/bladder_cleaned_distinct_series/D2006725/dwi_ax_0
Succ: /raid/yjgu/bladder/bladder_cleaned_distinct_series/W0292813/dwi_ax_0
Succ: /raid/yjgu/bladder/bladder_cleaned_distinct_series/D1302471/dwi_ax_0
Succ: /raid/yjgu/bladder/bladder_cleaned_distinct_series/D1809157/dwi_ax_0
Succ: /raid/yjgu/bladder/bladder_cleaned_distinct_series/W0315527/dwi_ax_0
Succ: /raid/yjgu/bladder/bladder_cleaned_distinct_series/D2367919/dwi_ax_0
Succ: /raid/yjgu/bladder/bladder_cleaned_distinct_series/D2316335/dwi_ax_0
Succ: /raid/yjgu/bladder/bladder_cleaned_distinct_series/D1715306/dwi_ax_1
Succ: /raid/yjgu/bladder/bladder_cleaned_distinct_series/D1715306/dwi_ax_0
Succ: /raid/yjgu/bladder/bladder_cleaned_distinct_series/D1812523/dwi_ax_0
Succ: /raid/yjgu/bladder/bladder_cleaned_distinct_series/D1987670/dwi_ax_0
Succ: /raid/yjgu/bladder/bladder_cleaned_distinct_series/D2315137/dwi_ax_0
Succ: /raid/yjgu/bladder/bladder_cleaned_distinct_series/D1957808/dwi_ax_0
Succ: /raid/yjgu/bladder/bladder_cleaned_distinct_series/D1598024/dwi_ax_0
Succ: /raid/yjgu/bladder/bladder_cleaned_distinct_series/D1993675/dwi_ax_0
Succ: /raid/yjgu/bladder/bladder_cleaned_distinct_series/D1490317/dwi_ax_0
Succ: /raid/yjgu/bladder/bladder_cleaned_distinct_series/D2046715/dwi_ax_0
Succ: /raid/yjgu/bladder/bladder_cleaned_distinct_series/W0316111/dwi_ax_0
Succ: /raid/yjgu/bladder/bladder_cleaned_distinct_series/D2289804/dwi_ax_0
Succ: /raid/yjgu/bladder/bladder_cleaned_distinct_series/W0236197/dwi_ax_0
Succ: /raid/yjgu/bladder/bladder_cleaned_distinct_series/D1822052/dwi_ax_0
Succ: /raid/yjgu/bladder/bladder_cleaned_distinct_series/D1422691/dwi_ax_0
Succ: /raid/yjgu/bladder/bladder_cleaned_distinct_series/D1977524/dwi_ax_0
Succ: /raid/yjgu/bladder/bladder_cleaned_distinct_series/D2049475/dwi_ax_0
Succ: /raid/yjgu/bladder/bladder_cleaned_distinct_series/W0283254/dwi_ax_0
Succ: /raid/yjgu/bladder/bladder_cleaned_distinct_series/D2341624/dwi_ax_0
Succ: /raid/yjgu/bladder/bladder_cleaned_distinct_series/D0974176/dwi_ax_0
Succ: /raid/yjgu/bladder/bladder_cleaned_distinct_series/D1958831/dwi_ax_0
Succ: /raid/yjgu/bladder/bladder_cleaned_distinct_series/D2341865/dwi_ax_0
Succ: /raid/yjgu/bladder/bladder_cleaned_distinct_series/W0279661/dwi_ax_0
Succ: /raid/yjgu/bladder/bladder_cleaned_distinct_series/D1898566/dwi_ax_0
Succ: /raid/yjgu/bladder/bladder_cleaned_distinct_series/D1401360/dwi_ax_0
Succ: /raid/yjgu/bladder/bladder_cleaned_distinct_series/D1900298/dwi_ax_1
Succ: /raid/yjgu/bladder/bladder_cleaned_distinct_series/D2292949/dwi_ax_0
Succ: /raid/yjgu/bladder/bladder_cleaned_distinct_series/D1900298/dwi_ax_0
Succ: /raid/yjgu/bladder/bladder_cleaned_distinct_series/D2225425/dwi_ax_0
Succ: /raid/yjgu/bladder/bladder_cleaned_distinct_series/D2209816/dwi_ax_0
Succ: /raid/yjgu/bladder/bladder_cleaned_distinct_series/D2245589/dwi_ax_0
Succ: /raid/yjgu/bladder/bladder_cleaned_distinct_series/D1151842/dwi_ax_0
Succ: /raid/yjgu/bladder/bladder_cleaned_distinct_series/D1773418/dwi_ax_0
Succ: /raid/yjgu/bladder/bladder_cleaned_distinct_series/D1737819/dwi_ax_0
Succ: /raid/yjgu/bladder/bladder_cleaned_distinct_series/D0595289/dwi_ax_0
Succ: /raid/yjgu/bladder/bladder_cleaned_distinct_series/D1177818/dwi_ax_0
Succ: /raid/yjgu/bladder/bladder_cleaned_distinct_series/D1751542/dwi_ax_0
Succ: /raid/yjgu/bladder/bladder_cleaned_distinct_series/W0203208/dwi_ax_0
Succ: /raid/yjgu/bladder/bladder_cleaned_distinct_series/D1898592/dwi_ax_0
Succ: /raid/yjgu/bladder/bladder_cleaned_distinct_series/W0277480/dwi_ax_0
Succ: /raid/yjgu/bladder/bladder_cleaned_distinct_series/D1563734/dwi_ax_0
Succ: /raid/yjgu/bladder/bladder_cleaned_distinct_series/D2090422/dwi_ax_0
Succ: /raid/yjgu/bladder/bladder_cleaned_distinct_series/D2174115/dwi_ax_0
Succ: /raid/yjgu/bladder/bladder_cleaned_distinct_series/D1588673/dwi_ax_0
Succ: /raid/yjgu/bladder/bladder_cleaned_distinct_series/D2045375/dwi_ax_0
Succ: /raid/yjgu/bladder/bladder_cleaned_distinct_series/D2056619/dwi_ax_0
Succ: /raid/yjgu/bladder/bladder_cleaned_distinct_series/W0307418/dwi_ax_0
Succ: /raid/yjgu/bladder/bladder_cleaned_distinct_series/D1999652/dwi_ax_0
Succ: /raid/yjgu/bladder/bladder_cleaned_distinct_series/D0919082/dwi_ax_0
Succ: /raid/yjgu/bladder/bladder_cleaned_distinct_series/D1701658/dwi_ax_0
Succ: /raid/yjgu/bladder/bladder_cleaned_distinct_series/D2322442/dwi_ax_0
Succ: /raid/yjgu/bladder/bladder_cleaned_distinct_series/W0323083/dwi_ax_0
Succ: /raid/yjgu/bladder/bladder_cleaned_distinct_series/W0247686/dwi_ax_0
Succ: /raid/yjgu/bladder/bladder_cleaned_distinct_series/D2314695/dwi_ax_0
Succ: /raid/yjgu/bladder/bladder_cleaned_distinct_series/D2374774/dwi_ax_0
Succ: /raid/yjgu/bladder/bladder_cleaned_distinct_series/D2164103/dwi_ax_0
Succ: /raid/yjgu/bladder/bladder_cleaned_distinct_series/W0315103/dwi_ax_0
Succ: /raid/yjgu/bladder/bladder_cleaned_distinct_series/W0285288/dwi_ax_0
Succ: /raid/yjgu/bladder/bladder_cleaned_distinct_series/W0311258/dwi_ax_0
Succ: /raid/yjgu/bladder/bladder_cleaned_distinct_series/D0895858/dwi_ax_0
Succ: /raid/yjgu/bladder/bladder_cleaned_distinct_series/D2274359/dwi_ax_0
Succ: /raid/yjgu/bladder/bladder_cleaned_distinct_series/D2121103/dwi_ax_0
Succ: /raid/yjgu/bladder/bladder_cleaned_distinct_series/D1785525/dwi_ax_0
Succ: /raid/yjgu/bladder/bladder_cleaned_distinct_series/W0296928/dwi_ax_0
Succ: /raid/yjgu/bladder/bladder_cleaned_distinct_series/D1547683/dwi_ax_0
Succ: /raid/yjgu/bladder/bladder_cleaned_distinct_series/D1252216/dwi_ax_0
Succ: /raid/yjgu/bladder/bladder_cleaned_distinct_series/D1252216/dwi_ax_1
Succ: /raid/yjgu/bladder/bladder_cleaned_distinct_series/D1618389/dwi_ax_0
Succ: /raid/yjgu/bladder/bladder_cleaned_distinct_series/D1952124/dwi_ax_0
Succ: /raid/yjgu/bladder/bladder_cleaned_distinct_series/D2201561/dwi_ax_0
Succ: /raid/yjgu/bladder/bladder_cleaned_distinct_series/D1727454/dwi_ax_0
Succ: /raid/yjgu/bladder/bladder_cleaned_distinct_series/D1838800/dwi_ax_0
Succ: /raid/yjgu/bladder/bladder_cleaned_distinct_series/D1551727/dwi_ax_1
Succ: /raid/yjgu/bladder/bladder_cleaned_distinct_series/D1551727/dwi_ax_0
Succ: /raid/yjgu/bladder/bladder_cleaned_distinct_series/D1822262/dwi_ax_0
Succ: /raid/yjgu/bladder/bladder_cleaned_distinct_series/D1906623/dwi_ax_0
Succ: /raid/yjgu/bladder/bladder_cleaned_distinct_series/D1390431/dwi_ax_0
Succ: /raid/yjgu/bladder/bladder_cleaned_distinct_series/D1927848/dwi_ax_0
Succ: /raid/yjgu/bladder/bladder_cleaned_distinct_series/W0327372/dwi_ax_0
Succ: /raid/yjgu/bladder/bladder_cleaned_distinct_series/D1232143/dwi_ax_0
Succ: /raid/yjgu/bladder/bladder_cleaned_distinct_series/W0330775/dwi_ax_0
Succ: /raid/yjgu/bladder/bladder_cleaned_distinct_series/D1722497/dwi_ax_1
Succ: /raid/yjgu/bladder/bladder_cleaned_distinct_series/D1722497/dwi_ax_0
Succ: /raid/yjgu/bladder/bladder_cleaned_distinct_series/D0643276/dwi_ax_0
Succ: /raid/yjgu/bladder/bladder_cleaned_distinct_series/W0280511/dwi_ax_0
Succ: /raid/yjgu/bladder/bladder_cleaned_distinct_series/D1542917/dwi_ax_0
Succ: /raid/yjgu/bladder/bladder_cleaned_distinct_series/D1727382/dwi_ax_0
Succ: /raid/yjgu/bladder/bladder_cleaned_distinct_series/W0294820/dwi_ax_0
Succ: /raid/yjgu/bladder/bladder_cleaned_distinct_series/D2197086/dwi_ax_0
Succ: /raid/yjgu/bladder/bladder_cleaned_distinct_series/D0898554/dwi_ax_0
Succ: /raid/yjgu/bladder/bladder_cleaned_distinct_series/D2190645/dwi_ax_0
Succ: /raid/yjgu/bladder/bladder_cleaned_distinct_series/W0332173/dwi_ax_0
Succ: /raid/yjgu/bladder/bladder_cleaned_distinct_series/D1275224/dwi_ax_0
Succ: /raid/yjgu/bladder/bladder_cleaned_distinct_series/D1493577/dwi_ax_0
Succ: /raid/yjgu/bladder/bladder_cleaned_distinct_series/D1887366/dwi_ax_0
Succ: /raid/yjgu/bladder/bladder_cleaned_distinct_series/D1794430/dwi_ax_0
Succ: /raid/yjgu/bladder/bladder_cleaned_distinct_series/D1556380/dwi_ax_1
Succ: /raid/yjgu/bladder/bladder_cleaned_distinct_series/D1556380/dwi_ax_0
Succ: /raid/yjgu/bladder/bladder_cleaned_distinct_series/D2349127/dwi_ax_0
Succ: /raid/yjgu/bladder/bladder_cleaned_distinct_series/D2346396/dwi_ax_0
Succ: /raid/yjgu/bladder/bladder_cleaned_distinct_series/D1901190/dwi_ax_0
Succ: /raid/yjgu/bladder/bladder_cleaned_distinct_series/D2331519/dwi_ax_0
Succ: /raid/yjgu/bladder/bladder_cleaned_distinct_series/D1782240/dwi_ax_0
Succ: /raid/yjgu/bladder/bladder_cleaned_distinct_series/D1159097/dwi_ax_0
Succ: /raid/yjgu/bladder/bladder_cleaned_distinct_series/D1956058/dwi_ax_0
Succ: /raid/yjgu/bladder/bladder_cleaned_distinct_series/W0144315/dwi_ax_0
Succ: /raid/yjgu/bladder/bladder_cleaned_distinct_series/W0296918/dwi_ax_0
Succ: /raid/yjgu/bladder/bladder_cleaned_distinct_series/D1367875/dwi_ax_0
Succ: /raid/yjgu/bladder/bladder_cleaned_distinct_series/D1812071/dwi_ax_0
Succ: /raid/yjgu/bladder/bladder_cleaned_distinct_series/D2206247/dwi_ax_0
Succ: /raid/yjgu/bladder/bladder_cleaned_distinct_series/D2206247/dwi_ax_1
Succ: /raid/yjgu/bladder/bladder_cleaned_distinct_series/D1679433/dwi_ax_0
Succ: /raid/yjgu/bladder/bladder_cleaned_distinct_series/W0267614/dwi_ax_0
Succ: /raid/yjgu/bladder/bladder_cleaned_distinct_series/D2343753/dwi_ax_0
Succ: /raid/yjgu/bladder/bladder_cleaned_distinct_series/D1936197/dwi_ax_0
Succ: /raid/yjgu/bladder/bladder_cleaned_distinct_series/D1708907/dwi_ax_0
Succ: /raid/yjgu/bladder/bladder_cleaned_distinct_series/D1928157/dwi_ax_1
Succ: /raid/yjgu/bladder/bladder_cleaned_distinct_series/D1928157/dwi_ax_0
Succ: /raid/yjgu/bladder/bladder_cleaned_distinct_series/D2315351/dwi_ax_0
Succ: /raid/yjgu/bladder/bladder_cleaned_distinct_series/D1947735/dwi_ax_0
Succ: /raid/yjgu/bladder/bladder_cleaned_distinct_series/D1886877/dwi_ax_0
Succ: /raid/yjgu/bladder/bladder_cleaned_distinct_series/W0248152/dwi_ax_0
Succ: /raid/yjgu/bladder/bladder_cleaned_distinct_series/D0992795/dwi_ax_0
Succ: /raid/yjgu/bladder/bladder_cleaned_distinct_series/W0286727/dwi_ax_0
Succ: /raid/yjgu/bladder/bladder_cleaned_distinct_series/D1892250/dwi_ax_0
Succ: /raid/yjgu/bladder/bladder_cleaned_distinct_series/D2373962/dwi_ax_0
Succ: /raid/yjgu/bladder/bladder_cleaned_distinct_series/D1814072/dwi_ax_0
Succ: /raid/yjgu/bladder/bladder_cleaned_distinct_series/D2323069/dwi_ax_0
Succ: /raid/yjgu/bladder/bladder_cleaned_distinct_series/D2022782/dwi_ax_0
Succ: /raid/yjgu/bladder/bladder_cleaned_distinct_series/W0337874/dwi_ax_0
Succ: /raid/yjgu/bladder/bladder_cleaned_distinct_series/D1515950/dwi_ax_0
Succ: /raid/yjgu/bladder/bladder_cleaned_distinct_series/W0337874/dwi_ax_1
Succ: /raid/yjgu/bladder/bladder_cleaned_distinct_series/D1347937/dwi_ax_0
Succ: /raid/yjgu/bladder/bladder_cleaned_distinct_series/D1655790/dwi_ax_0
Succ: /raid/yjgu/bladder/bladder_cleaned_distinct_series/D1899586/dwi_ax_0
Succ: /raid/yjgu/bladder/bladder_cleaned_distinct_series/D0956939/dwi_ax_0
Succ: /raid/yjgu/bladder/bladder_cleaned_distinct_series/D1718550/dwi_ax_0
Succ: /raid/yjgu/bladder/bladder_cleaned_distinct_series/W0293737/dwi_ax_0
Succ: /raid/yjgu/bladder/bladder_cleaned_distinct_series/W0217505/dwi_ax_0
Succ: /raid/yjgu/bladder/bladder_cleaned_distinct_series/D2163506/dwi_ax_0
Succ: /raid/yjgu/bladder/bladder_cleaned_distinct_series/W0312856/dwi_ax_0
Succ: /raid/yjgu/bladder/bladder_cleaned_distinct_series/D1721214/dwi_ax_0
Succ: /raid/yjgu/bladder/bladder_cleaned_distinct_series/D2065673/dwi_ax_0
Succ: /raid/yjgu/bladder/bladder_cleaned_distinct_series/W0306530/dwi_ax_0
Succ: /raid/yjgu/bladder/bladder_cleaned_distinct_series/D1449982/dwi_ax_0
Succ: /raid/yjgu/bladder/bladder_cleaned_distinct_series/D1449982/dwi_ax_1
Succ: /raid/yjgu/bladder/bladder_cleaned_distinct_series/D0631100/dwi_ax_0
Succ: /raid/yjgu/bladder/bladder_cleaned_distinct_series/D1647574/dwi_ax_0
Succ: /raid/yjgu/bladder/bladder_cleaned_distinct_series/D2160543/dwi_ax_0
Succ: /raid/yjgu/bladder/bladder_cleaned_distinct_series/D1886536/dwi_ax_0
Succ: /raid/yjgu/bladder/bladder_cleaned_distinct_series/W0332513/dwi_ax_0
Succ: /raid/yjgu/bladder/bladder_cleaned_distinct_series/D2291117/dwi_ax_0
Succ: /raid/yjgu/bladder/bladder_cleaned_distinct_series/D2106517/dwi_ax_0
Succ: /raid/yjgu/bladder/bladder_cleaned_distinct_series/W0253593/dwi_ax_0
Succ: /raid/yjgu/bladder/bladder_cleaned_distinct_series/D1717147/dwi_ax_0
Succ: /raid/yjgu/bladder/bladder_cleaned_distinct_series/D1717147/dwi_ax_1
Succ: /raid/yjgu/bladder/bladder_cleaned_distinct_series/D2015941/dwi_ax_0
Succ: /raid/yjgu/bladder/bladder_cleaned_distinct_series/D2108296/dwi_ax_0
Succ: /raid/yjgu/bladder/bladder_cleaned_distinct_series/W0289792/dwi_ax_1
Succ: /raid/yjgu/bladder/bladder_cleaned_distinct_series/D1887443/dwi_ax_1
Succ: /raid/yjgu/bladder/bladder_cleaned_distinct_series/D2326746/dwi_ax_0
Succ: /raid/yjgu/bladder/bladder_cleaned_distinct_series/D1887443/dwi_ax_0
Succ: /raid/yjgu/bladder/bladder_cleaned_distinct_series/D1862090/dwi_ax_0
Succ: /raid/yjgu/bladder/bladder_cleaned_distinct_series/D2216023/dwi_ax_0
Succ: /raid/yjgu/bladder/bladder_cleaned_distinct_series/9007414997/dwi_ax_0
Succ: /raid/yjgu/bladder/bladder_cleaned_distinct_series/D2237578/dwi_ax_0
Succ: /raid/yjgu/bladder/bladder_cleaned_distinct_series/W0289792/dwi_ax_0
Succ: /raid/yjgu/bladder/bladder_cleaned_distinct_series/D1785102/dwi_ax_0
Succ: /raid/yjgu/bladder/bladder_cleaned_distinct_series/D1719225/dwi_ax_0
Succ: /raid/yjgu/bladder/bladder_cleaned_distinct_series/D1499195/dwi_ax_0
Succ: /raid/yjgu/bladder/bladder_cleaned_distinct_series/D1781897/dwi_ax_0
Succ: /raid/yjgu/bladder/bladder_cleaned_distinct_series/D1207645/dwi_ax_0
Succ: /raid/yjgu/bladder/bladder_cleaned_distinct_series/W0304924/dwi_ax_0
Succ: /raid/yjgu/bladder/bladder_cleaned_distinct_series/D1671616/dwi_ax_0
Succ: /raid/yjgu/bladder/bladder_cleaned_distinct_series/D1276650/dwi_ax_0
Succ: /raid/yjgu/bladder/bladder_cleaned_distinct_series/D1831495/dwi_ax_1
Succ: /raid/yjgu/bladder/bladder_cleaned_distinct_series/D1374805/dwi_ax_0
Succ: /raid/yjgu/bladder/bladder_cleaned_distinct_series/D1831495/dwi_ax_0
Succ: /raid/yjgu/bladder/bladder_cleaned_distinct_series/D1647102/dwi_ax_0
Succ: /raid/yjgu/bladder/bladder_cleaned_distinct_series/D1076480/dwi_ax_0
Succ: /raid/yjgu/bladder/bladder_cleaned_distinct_series/D2006473/dwi_ax_0
Succ: /raid/yjgu/bladder/bladder_cleaned_distinct_series/D1785098/dwi_ax_1
Succ: /raid/yjgu/bladder/bladder_cleaned_distinct_series/D1785098/dwi_ax_0
Succ: /raid/yjgu/bladder/bladder_cleaned_distinct_series/W0309805/dwi_ax_0
Succ: /raid/yjgu/bladder/bladder_cleaned_distinct_series/D2334305/dwi_ax_1
Succ: /raid/yjgu/bladder/bladder_cleaned_distinct_series/D1800691/dwi_ax_0
Succ: /raid/yjgu/bladder/bladder_cleaned_distinct_series/D2021934/dwi_ax_0
Succ: /raid/yjgu/bladder/bladder_cleaned_distinct_series/D2334305/dwi_ax_0
Succ: /raid/yjgu/bladder/bladder_cleaned_distinct_series/D1358209/dwi_ax_1
Succ: /raid/yjgu/bladder/bladder_cleaned_distinct_series/W0317408/dwi_ax_0
Succ: /raid/yjgu/bladder/bladder_cleaned_distinct_series/D1358209/dwi_ax_0
Succ: /raid/yjgu/bladder/bladder_cleaned_distinct_series/W0318633/dwi_ax_0
Succ: /raid/yjgu/bladder/bladder_cleaned_distinct_series/D2282241/dwi_ax_0
Succ: /raid/yjgu/bladder/bladder_cleaned_distinct_series/D1688199/dwi_ax_1
Succ: /raid/yjgu/bladder/bladder_cleaned_distinct_series/D1553268/dwi_ax_0
Succ: /raid/yjgu/bladder/bladder_cleaned_distinct_series/D1688199/dwi_ax_0
Succ: /raid/yjgu/bladder/bladder_cleaned_distinct_series/D1480462/dwi_ax_1
Succ: /raid/yjgu/bladder/bladder_cleaned_distinct_series/D1946452/dwi_ax_0
Succ: /raid/yjgu/bladder/bladder_cleaned_distinct_series/D1480462/dwi_ax_0
Succ: /raid/yjgu/bladder/bladder_cleaned_distinct_series/D1337217/dwi_ax_1
Succ: /raid/yjgu/bladder/bladder_cleaned_distinct_series/D1879963/dwi_ax_0
Succ: /raid/yjgu/bladder/bladder_cleaned_distinct_series/W0277511/dwi_ax_0
Succ: /raid/yjgu/bladder/bladder_cleaned_distinct_series/D1337217/dwi_ax_0
Succ: /raid/yjgu/bladder/bladder_cleaned_distinct_series/W0269456/dwi_ax_0
Succ: /raid/yjgu/bladder/bladder_cleaned_distinct_series/D0718234/dwi_ax_0
Succ: /raid/yjgu/bladder/bladder_cleaned_distinct_series/D0737083/dwi_ax_1
Succ: /raid/yjgu/bladder/bladder_cleaned_distinct_series/D0737083/dwi_ax_0
Succ: /raid/yjgu/bladder/bladder_cleaned_distinct_series/D1858592/dwi_ax_0
Succ: /raid/yjgu/bladder/bladder_cleaned_distinct_series/D2004285/dwi_ax_0
Succ: /raid/yjgu/bladder/bladder_cleaned_distinct_series/D2301800/dwi_ax_0
Succ: /raid/yjgu/bladder/bladder_cleaned_distinct_series/W0272680/dwi_ax_1
Succ: /raid/yjgu/bladder/bladder_cleaned_distinct_series/W0272680/dwi_ax_0
Succ: /raid/yjgu/bladder/bladder_cleaned_distinct_series/D0952551/dwi_ax_0
Succ: /raid/yjgu/bladder/bladder_cleaned_distinct_series/D2025818/dwi_ax_0
Succ: /raid/yjgu/bladder/bladder_cleaned_distinct_series/D1896069/dwi_ax_0
Succ: /raid/yjgu/bladder/bladder_cleaned_distinct_series/D0748328/dwi_ax_1
Succ: /raid/yjgu/bladder/bladder_cleaned_distinct_series/D1867766/dwi_ax_0
Succ: /raid/yjgu/bladder/bladder_cleaned_distinct_series/D1897086/dwi_ax_0
Succ: /raid/yjgu/bladder/bladder_cleaned_distinct_series/D0748328/dwi_ax_0
Succ: /raid/yjgu/bladder/bladder_cleaned_distinct_series/D1624962/dwi_ax_0
Succ: /raid/yjgu/bladder/bladder_cleaned_distinct_series/D1871498/dwi_ax_0
Succ: /raid/yjgu/bladder/bladder_cleaned_distinct_series/W0335661/dwi_ax_0
Succ: /raid/yjgu/bladder/bladder_cleaned_distinct_series/D1872916/dwi_ax_0
Succ: /raid/yjgu/bladder/bladder_cleaned_distinct_series/D1931357/dwi_ax_0
Succ: /raid/yjgu/bladder/bladder_cleaned_distinct_series/D2235381/dwi_ax_0
Succ: /raid/yjgu/bladder/bladder_cleaned_distinct_series/W0194720/dwi_ax_0
Succ: /raid/yjgu/bladder/bladder_cleaned_distinct_series/D1767088/dwi_ax_0
Succ: /raid/yjgu/bladder/bladder_cleaned_distinct_series/D1599245/dwi_ax_0
Succ: /raid/yjgu/bladder/bladder_cleaned_distinct_series/D2047556/dwi_ax_0
Succ: /raid/yjgu/bladder/bladder_cleaned_distinct_series/W0304947/dwi_ax_0
Succ: /raid/yjgu/bladder/bladder_cleaned_distinct_series/D1408857/dwi_ax_0
Succ: /raid/yjgu/bladder/bladder_cleaned_distinct_series/W0277154/dwi_ax_0
Succ: /raid/yjgu/bladder/bladder_cleaned_distinct_series/D1507824/dwi_ax_0
Succ: /raid/yjgu/bladder/bladder_cleaned_distinct_series/D0599637/dwi_ax_0
Succ: /raid/yjgu/bladder/bladder_cleaned_distinct_series/D0792253/dwi_ax_0
Succ: /raid/yjgu/bladder/bladder_cleaned_distinct_series/D2276181/dwi_ax_0
Succ: /raid/yjgu/bladder/bladder_cleaned_distinct_series/D1808731/dwi_ax_0
Succ: /raid/yjgu/bladder/bladder_cleaned_distinct_series/D2012243/dwi_ax_0
Succ: /raid/yjgu/bladder/bladder_cleaned_distinct_series/D2040446/dwi_ax_0
Succ: /raid/yjgu/bladder/bladder_cleaned_distinct_series/W0216497/dwi_ax_0
Succ: /raid/yjgu/bladder/bladder_cleaned_distinct_series/D2093046/dwi_ax_0
Succ: /raid/yjgu/bladder/bladder_cleaned_distinct_series/D1510583/dwi_ax_0
Succ: /raid/yjgu/bladder/bladder_cleaned_distinct_series/D1937161/dwi_ax_0
Succ: /raid/yjgu/bladder/bladder_cleaned_distinct_series/D2264934/dwi_ax_0
Succ: /raid/yjgu/bladder/bladder_cleaned_distinct_series/D1627865/dwi_ax_1
Succ: /raid/yjgu/bladder/bladder_cleaned_distinct_series/D2004991/dwi_ax_0
Succ: /raid/yjgu/bladder/bladder_cleaned_distinct_series/D0643108/dwi_ax_0
Succ: /raid/yjgu/bladder/bladder_cleaned_distinct_series/W0320920/dwi_ax_0
Succ: /raid/yjgu/bladder/bladder_cleaned_distinct_series/D1627865/dwi_ax_0
Succ: /raid/yjgu/bladder/bladder_cleaned_distinct_series/D2207191/dwi_ax_0
Succ: /raid/yjgu/bladder/bladder_cleaned_distinct_series/D0955974/dwi_ax_0
Succ: /raid/yjgu/bladder/bladder_cleaned_distinct_series/D2098576/dwi_ax_0
Succ: /raid/yjgu/bladder/bladder_cleaned_distinct_series/D1571171/dwi_ax_0
Succ: /raid/yjgu/bladder/bladder_cleaned_distinct_series/W0308263/dwi_ax_0
Succ: /raid/yjgu/bladder/bladder_cleaned_distinct_series/D2102270/dwi_ax_0
Succ: /raid/yjgu/bladder/bladder_cleaned_distinct_series/D1076415/dwi_ax_0
Succ: /raid/yjgu/bladder/bladder_cleaned_distinct_series/D1579058/dwi_ax_0
Succ: /raid/yjgu/bladder/bladder_cleaned_distinct_series/W0224826/dwi_ax_1
Succ: /raid/yjgu/bladder/bladder_cleaned_distinct_series/D1832743/dwi_ax_0
Succ: /raid/yjgu/bladder/bladder_cleaned_distinct_series/D1229864/dwi_ax_0
Succ: /raid/yjgu/bladder/bladder_cleaned_distinct_series/W0224826/dwi_ax_0
Succ: /raid/yjgu/bladder/bladder_cleaned_distinct_series/W0255225/dwi_ax_0
Succ: /raid/yjgu/bladder/bladder_cleaned_distinct_series/D2207142/dwi_ax_0
Succ: /raid/yjgu/bladder/bladder_cleaned_distinct_series/W0321389/dwi_ax_0
Succ: /raid/yjgu/bladder/bladder_cleaned_distinct_series/D2070913/dwi_ax_0
Succ: /raid/yjgu/bladder/bladder_cleaned_distinct_series/W0299660/dwi_ax_0
Succ: /raid/yjgu/bladder/bladder_cleaned_distinct_series/D2070913/dwi_ax_1
Succ: /raid/yjgu/bladder/bladder_cleaned_distinct_series/W0247770/dwi_ax_0
Succ: /raid/yjgu/bladder/bladder_cleaned_distinct_series/D1937710/dwi_ax_0
Succ: /raid/yjgu/bladder/bladder_cleaned_distinct_series/D2299777/dwi_ax_0
Succ: /raid/yjgu/bladder/bladder_cleaned_distinct_series/D1652275/dwi_ax_1
Succ: /raid/yjgu/bladder/bladder_cleaned_distinct_series/D1977853/dwi_ax_0
Succ: /raid/yjgu/bladder/bladder_cleaned_distinct_series/D1652275/dwi_ax_0
Succ: /raid/yjgu/bladder/bladder_cleaned_distinct_series/D2245974/dwi_ax_0
Succ: /raid/yjgu/bladder/bladder_cleaned_distinct_series/D1410868/dwi_ax_0
Succ: /raid/yjgu/bladder/bladder_cleaned_distinct_series/D1868483/dwi_ax_0
Succ: /raid/yjgu/bladder/bladder_cleaned_distinct_series/D1910169/dwi_ax_0
Succ: /raid/yjgu/bladder/bladder_cleaned_distinct_series/D1555208/dwi_ax_0
Succ: /raid/yjgu/bladder/bladder_cleaned_distinct_series/D2291566/dwi_ax_0
Succ: /raid/yjgu/bladder/bladder_cleaned_distinct_series/D1839027/dwi_ax_0
Succ: /raid/yjgu/bladder/bladder_cleaned_distinct_series/D2132896/dwi_ax_0
Succ: /raid/yjgu/bladder/bladder_cleaned_distinct_series/W0331634/dwi_ax_0
Succ: /raid/yjgu/bladder/bladder_cleaned_distinct_series/D1359788/dwi_ax_0
Succ: /raid/yjgu/bladder/bladder_cleaned_distinct_series/D1872185/dwi_ax_1
Succ: /raid/yjgu/bladder/bladder_cleaned_distinct_series/D1872185/dwi_ax_0
Succ: /raid/yjgu/bladder/bladder_cleaned_distinct_series/W0299951/dwi_ax_0
Succ: /raid/yjgu/bladder/bladder_cleaned_distinct_series/D1560621/dwi_ax_0
Succ: /raid/yjgu/bladder/bladder_cleaned_distinct_series/D2299797/dwi_ax_0
Succ: /raid/yjgu/bladder/bladder_cleaned_distinct_series/W0290067/dwi_ax_0
Succ: /raid/yjgu/bladder/bladder_cleaned_distinct_series/D1647256/dwi_ax_0
Succ: /raid/yjgu/bladder/bladder_cleaned_distinct_series/D0945344/dwi_ax_0
Succ: /raid/yjgu/bladder/bladder_cleaned_distinct_series/D0992703/dwi_ax_0
Succ: /raid/yjgu/bladder/bladder_cleaned_distinct_series/D2193686/dwi_ax_0
Succ: /raid/yjgu/bladder/bladder_cleaned_distinct_series/D1443546/dwi_ax_0
Succ: /raid/yjgu/bladder/bladder_cleaned_distinct_series/D2013515/dwi_ax_1
Succ: /raid/yjgu/bladder/bladder_cleaned_distinct_series/D2041167/dwi_ax_0
Succ: /raid/yjgu/bladder/bladder_cleaned_distinct_series/D1843830/dwi_ax_0
Succ: /raid/yjgu/bladder/bladder_cleaned_distinct_series/W0292719/dwi_ax_0
Succ: /raid/yjgu/bladder/bladder_cleaned_distinct_series/D2013515/dwi_ax_0
Succ: /raid/yjgu/bladder/bladder_cleaned_distinct_series/D1821287/dwi_ax_0
Succ: /raid/yjgu/bladder/bladder_cleaned_distinct_series/D1986877/dwi_ax_0
Succ: /raid/yjgu/bladder/bladder_cleaned_distinct_series/D1543675/dwi_ax_0
Succ: /raid/yjgu/bladder/bladder_cleaned_distinct_series/D1088790/dwi_ax_0
Succ: /raid/yjgu/bladder/bladder_cleaned_distinct_series/D2323178/dwi_ax_0
Succ: /raid/yjgu/bladder/bladder_cleaned_distinct_series/D1882585/dwi_ax_0
Succ: /raid/yjgu/bladder/bladder_cleaned_distinct_series/W0290796/dwi_ax_0
Succ: /raid/yjgu/bladder/bladder_cleaned_distinct_series/D1358614/dwi_ax_0
Succ: /raid/yjgu/bladder/bladder_cleaned_distinct_series/W0294780/dwi_ax_0
Succ: /raid/yjgu/bladder/bladder_cleaned_distinct_series/D2310041/dwi_ax_0
Succ: /raid/yjgu/bladder/bladder_cleaned_distinct_series/D1297655/dwi_ax_0
Succ: /raid/yjgu/bladder/bladder_cleaned_distinct_series/D2300363/dwi_ax_0
Succ: /raid/yjgu/bladder/bladder_cleaned_distinct_series/D0879399/dwi_ax_0
Succ: /raid/yjgu/bladder/bladder_cleaned_distinct_series/W0280252/dwi_ax_0
Succ: /raid/yjgu/bladder/bladder_cleaned_distinct_series/D2006696/dwi_ax_1
Succ: /raid/yjgu/bladder/bladder_cleaned_distinct_series/D2006696/dwi_ax_0
Succ: /raid/yjgu/bladder/bladder_cleaned_distinct_series/D1888421/dwi_ax_0
Succ: /raid/yjgu/bladder/bladder_cleaned_distinct_series/D2125311/dwi_ax_0
Succ: /raid/yjgu/bladder/bladder_cleaned_distinct_series/D2125311/dwi_ax_1
Succ: /raid/yjgu/bladder/bladder_cleaned_distinct_series/D1641475/dwi_ax_0
Succ: /raid/yjgu/bladder/bladder_cleaned_distinct_series/D1861102/dwi_ax_0
Succ: /raid/yjgu/bladder/bladder_cleaned_distinct_series/D2059092/dwi_ax_0
Succ: /raid/yjgu/bladder/bladder_cleaned_distinct_series/D1851771/dwi_ax_0
Succ: /raid/yjgu/bladder/bladder_cleaned_distinct_series/D1838333/dwi_ax_1
Succ: /raid/yjgu/bladder/bladder_cleaned_distinct_series/W0338287/dwi_ax_0
Succ: /raid/yjgu/bladder/bladder_cleaned_distinct_series/W0331704/dwi_ax_0
Succ: /raid/yjgu/bladder/bladder_cleaned_distinct_series/W0301215/dwi_ax_0
Succ: /raid/yjgu/bladder/bladder_cleaned_distinct_series/D1578502/dwi_ax_0
Succ: /raid/yjgu/bladder/bladder_cleaned_distinct_series/D1838333/dwi_ax_0
Succ: /raid/yjgu/bladder/bladder_cleaned_distinct_series/D1572842/dwi_ax_0
Succ: /raid/yjgu/bladder/bladder_cleaned_distinct_series/D2026581/dwi_ax_0
Succ: /raid/yjgu/bladder/bladder_cleaned_distinct_series/D2282490/dwi_ax_0
Succ: /raid/yjgu/bladder/bladder_cleaned_distinct_series/D1211659/dwi_ax_0
Succ: /raid/yjgu/bladder/bladder_cleaned_distinct_series/D1995590/dwi_ax_0
Succ: /raid/yjgu/bladder/bladder_cleaned_distinct_series/D1842060/dwi_ax_0
Succ: /raid/yjgu/bladder/bladder_cleaned_distinct_series/D1910162/dwi_ax_0
Succ: /raid/yjgu/bladder/bladder_cleaned_distinct_series/D2050562/dwi_ax_0
Succ: /raid/yjgu/bladder/bladder_cleaned_distinct_series/D2228838/dwi_ax_0
Succ: /raid/yjgu/bladder/bladder_cleaned_distinct_series/D2028971/dwi_ax_0
Succ: /raid/yjgu/bladder/bladder_cleaned_distinct_series/D1464405/dwi_ax_0
Succ: /raid/yjgu/bladder/bladder_cleaned_distinct_series/D1572806/dwi_ax_0
Succ: /raid/yjgu/bladder/bladder_cleaned_distinct_series/D2240306/dwi_ax_0
Succ: /raid/yjgu/bladder/bladder_cleaned_distinct_series/D1966270/dwi_ax_0
Succ: /raid/yjgu/bladder/bladder_cleaned_distinct_series/D1614493/dwi_ax_0
Succ: /raid/yjgu/bladder/bladder_cleaned_distinct_series/D1647106/dwi_ax_0
Succ: /raid/yjgu/bladder/bladder_cleaned_distinct_series/D1647106/dwi_ax_1
Succ: /raid/yjgu/bladder/bladder_cleaned_distinct_series/D2174645/dwi_ax_0
Succ: /raid/yjgu/bladder/bladder_cleaned_distinct_series/D1661986/dwi_ax_1
Succ: /raid/yjgu/bladder/bladder_cleaned_distinct_series/D1661986/dwi_ax_0
Succ: /raid/yjgu/bladder/bladder_cleaned_distinct_series/D0621062/dwi_ax_0
Succ: /raid/yjgu/bladder/bladder_cleaned_distinct_series/D1418673/dwi_ax_0
Succ: /raid/yjgu/bladder/bladder_cleaned_distinct_series/D1740985/dwi_ax_0
Succ: /raid/yjgu/bladder/bladder_cleaned_distinct_series/W0328091/dwi_ax_0
Succ: /raid/yjgu/bladder/bladder_cleaned_distinct_series/D1347391/dwi_ax_0
Succ: /raid/yjgu/bladder/bladder_cleaned_distinct_series/D2116845/dwi_ax_0
Succ: /raid/yjgu/bladder/bladder_cleaned_distinct_series/W0220940/dwi_ax_0
Succ: /raid/yjgu/bladder/bladder_cleaned_distinct_series/D0701407/dwi_ax_0
Succ: /raid/yjgu/bladder/bladder_cleaned_distinct_series/D1615483/dwi_ax_0
Succ: /raid/yjgu/bladder/bladder_cleaned_distinct_series/D2305180/dwi_ax_0
Succ: /raid/yjgu/bladder/bladder_cleaned_distinct_series/D0645094/dwi_ax_1
Succ: /raid/yjgu/bladder/bladder_cleaned_distinct_series/D2229600/dwi_ax_0
Succ: /raid/yjgu/bladder/bladder_cleaned_distinct_series/D1842237/dwi_ax_0
Succ: /raid/yjgu/bladder/bladder_cleaned_distinct_series/D0645094/dwi_ax_0
Succ: /raid/yjgu/bladder/bladder_cleaned_distinct_series/D1740949/dwi_ax_0
Succ: /raid/yjgu/bladder/bladder_cleaned_distinct_series/D1217269/dwi_ax_1
Error: /raid/yjgu/bladder/bladder_cleaned_distinct_series/D0590828/dwi_ax_1
Traceback (most recent call last):
  File "full_preprocess.py", line 90, in process_work
    whole_adc, whole_dwi_b0, whole_dwi_b1000, mask, dilated_mask = full_preprocess(series_path, True)
  File "full_preprocess.py", line 29, in full_preprocess
    assert np.abs(nearest_b_high - B_HIGH) <= 500
AssertionError

Succ: /raid/yjgu/bladder/bladder_cleaned_distinct_series/D1217269/dwi_ax_0
Succ: /raid/yjgu/bladder/bladder_cleaned_distinct_series/D2296052/dwi_ax_0
Succ: /raid/yjgu/bladder/bladder_cleaned_distinct_series/D2163443/dwi_ax_0
Succ: /raid/yjgu/bladder/bladder_cleaned_distinct_series/D0590828/dwi_ax_0
Succ: /raid/yjgu/bladder/bladder_cleaned_distinct_series/D1779593/dwi_ax_0
Succ: /raid/yjgu/bladder/bladder_cleaned_distinct_series/D2206644/dwi_ax_0
Succ: /raid/yjgu/bladder/bladder_cleaned_distinct_series/D1935978/dwi_ax_0
Succ: /raid/yjgu/bladder/bladder_cleaned_distinct_series/D2207818/dwi_ax_0
Succ: /raid/yjgu/bladder/bladder_cleaned_distinct_series/D1730903/dwi_ax_0
Succ: /raid/yjgu/bladder/bladder_cleaned_distinct_series/D1596743/dwi_ax_0
Succ: /raid/yjgu/bladder/bladder_cleaned_distinct_series/D1690524/dwi_ax_0
Succ: /raid/yjgu/bladder/bladder_cleaned_distinct_series/D2218736/dwi_ax_1
Succ: /raid/yjgu/bladder/bladder_cleaned_distinct_series/W0286023/dwi_ax_0
Succ: /raid/yjgu/bladder/bladder_cleaned_distinct_series/D2252192/dwi_ax_0
Succ: /raid/yjgu/bladder/bladder_cleaned_distinct_series/D1707896/dwi_ax_1
Succ: /raid/yjgu/bladder/bladder_cleaned_distinct_series/D1590736/dwi_ax_0
Succ: /raid/yjgu/bladder/bladder_cleaned_distinct_series/D1707896/dwi_ax_0
Succ: /raid/yjgu/bladder/bladder_cleaned_distinct_series/D1590736/dwi_ax_1
Succ: /raid/yjgu/bladder/bladder_cleaned_distinct_series/D0825407/dwi_ax_0
Succ: /raid/yjgu/bladder/bladder_cleaned_distinct_series/D2152910/dwi_ax_0
Succ: /raid/yjgu/bladder/bladder_cleaned_distinct_series/D2157236/dwi_ax_0
Succ: /raid/yjgu/bladder/bladder_cleaned_distinct_series/D2218736/dwi_ax_0
Succ: /raid/yjgu/bladder/bladder_cleaned_distinct_series/W0329287/dwi_ax_0
Succ: /raid/yjgu/bladder/bladder_cleaned_distinct_series/W0294679/dwi_ax_0
Succ: /raid/yjgu/bladder/bladder_cleaned_distinct_series/D1228066/dwi_ax_1
Succ: /raid/yjgu/bladder/bladder_cleaned_distinct_series/D1759567/dwi_ax_0
Succ: /raid/yjgu/bladder/bladder_cleaned_distinct_series/D2131918/dwi_ax_0
Succ: /raid/yjgu/bladder/bladder_cleaned_distinct_series/D1929334/dwi_ax_0
Succ: /raid/yjgu/bladder/bladder_cleaned_distinct_series/W0204896/dwi_ax_0
Succ: /raid/yjgu/bladder/bladder_cleaned_distinct_series/D1605008/dwi_ax_0
Succ: /raid/yjgu/bladder/bladder_cleaned_distinct_series/D1970136/dwi_ax_0
Succ: /raid/yjgu/bladder/bladder_cleaned_distinct_series/W0186949/dwi_ax_0
Succ: /raid/yjgu/bladder/bladder_cleaned_distinct_series/D1228066/dwi_ax_0
Succ: /raid/yjgu/bladder/bladder_cleaned_distinct_series/D2263838/dwi_ax_0
Succ: /raid/yjgu/bladder/bladder_cleaned_distinct_series/D1793525/dwi_ax_1
Succ: /raid/yjgu/bladder/bladder_cleaned_distinct_series/D1793525/dwi_ax_0
Succ: /raid/yjgu/bladder/bladder_cleaned_distinct_series/D1824572/dwi_ax_0
Succ: /raid/yjgu/bladder/bladder_cleaned_distinct_series/D1352491/dwi_ax_0
Succ: /raid/yjgu/bladder/bladder_cleaned_distinct_series/D0986276/dwi_ax_0
Succ: /raid/yjgu/bladder/bladder_cleaned_distinct_series/D1353432/dwi_ax_1
Succ: /raid/yjgu/bladder/bladder_cleaned_distinct_series/D1353432/dwi_ax_0
Succ: /raid/yjgu/bladder/bladder_cleaned_distinct_series/W0311644/dwi_ax_0
Succ: /raid/yjgu/bladder/bladder_cleaned_distinct_series/D1087996/dwi_ax_0
Succ: /raid/yjgu/bladder/bladder_cleaned_distinct_series/W0253316/dwi_ax_0
Succ: /raid/yjgu/bladder/bladder_cleaned_distinct_series/W0268444/dwi_ax_0
Succ: /raid/yjgu/bladder/bladder_cleaned_distinct_series/D1842135/dwi_ax_0
Succ: /raid/yjgu/bladder/bladder_cleaned_distinct_series/D1634913/dwi_ax_0
Succ: /raid/yjgu/bladder/bladder_cleaned_distinct_series/D2059542/dwi_ax_0
Succ: /raid/yjgu/bladder/bladder_cleaned_distinct_series/D1453432/dwi_ax_0
Succ: /raid/yjgu/bladder/bladder_cleaned_distinct_series/W0330593/dwi_ax_0
Succ: /raid/yjgu/bladder/bladder_cleaned_distinct_series/W0333353/dwi_ax_0
Succ: /raid/yjgu/bladder/bladder_cleaned_distinct_series/W0325703/dwi_ax_0
Succ: /raid/yjgu/bladder/bladder_cleaned_distinct_series/D1370428/dwi_ax_0
Succ: /raid/yjgu/bladder/bladder_cleaned_distinct_series/D2034863/dwi_ax_0
Succ: /raid/yjgu/bladder/bladder_cleaned_distinct_series/D2294569/dwi_ax_0
Succ: /raid/yjgu/bladder/bladder_cleaned_distinct_series/D1896725/dwi_ax_0
Succ: /raid/yjgu/bladder/bladder_cleaned_distinct_series/D1720996/dwi_ax_0
Succ: /raid/yjgu/bladder/bladder_cleaned_distinct_series/D0794662/dwi_ax_0
Succ: /raid/yjgu/bladder/bladder_cleaned_distinct_series/D0794662/dwi_ax_1
Succ: /raid/yjgu/bladder/bladder_cleaned_distinct_series/D1918785/dwi_ax_0
Succ: /raid/yjgu/bladder/bladder_cleaned_distinct_series/D1925343/dwi_ax_0
Succ: /raid/yjgu/bladder/bladder_cleaned_distinct_series/D2181705/dwi_ax_1
Succ: /raid/yjgu/bladder/bladder_cleaned_distinct_series/W0322609/dwi_ax_0
Succ: /raid/yjgu/bladder/bladder_cleaned_distinct_series/D1588642/dwi_ax_0
Succ: /raid/yjgu/bladder/bladder_cleaned_distinct_series/D1936759/dwi_ax_0
Succ: /raid/yjgu/bladder/bladder_cleaned_distinct_series/D2359029/dwi_ax_0
Succ: /raid/yjgu/bladder/bladder_cleaned_distinct_series/D0662188/dwi_ax_0
Succ: /raid/yjgu/bladder/bladder_cleaned_distinct_series/D2181705/dwi_ax_0
Succ: /raid/yjgu/bladder/bladder_cleaned_distinct_series/W0264256/dwi_ax_0
Succ: /raid/yjgu/bladder/bladder_cleaned_distinct_series/D0985737/dwi_ax_0
Succ: /raid/yjgu/bladder/bladder_cleaned_distinct_series/D1593535/dwi_ax_0
Succ: /raid/yjgu/bladder/bladder_cleaned_distinct_series/D1573459/dwi_ax_1
Succ: /raid/yjgu/bladder/bladder_cleaned_distinct_series/D1573459/dwi_ax_0
Succ: /raid/yjgu/bladder/bladder_cleaned_distinct_series/D1320528/dwi_ax_0
Succ: /raid/yjgu/bladder/bladder_cleaned_distinct_series/D2316269/dwi_ax_0
Succ: /raid/yjgu/bladder/bladder_cleaned_distinct_series/D1911414/dwi_ax_0
Succ: /raid/yjgu/bladder/bladder_cleaned_distinct_series/D1799856/dwi_ax_0
Succ: /raid/yjgu/bladder/bladder_cleaned_distinct_series/W0321231/dwi_ax_0
Succ: /raid/yjgu/bladder/bladder_cleaned_distinct_series/D0914654/dwi_ax_0
Succ: /raid/yjgu/bladder/bladder_cleaned_distinct_series/D1818665/dwi_ax_1
Succ: /raid/yjgu/bladder/bladder_cleaned_distinct_series/D1818665/dwi_ax_0
Succ: /raid/yjgu/bladder/bladder_cleaned_distinct_series/D1946449/dwi_ax_0
Succ: /raid/yjgu/bladder/bladder_cleaned_distinct_series/D1830887/dwi_ax_0
Succ: /raid/yjgu/bladder/bladder_cleaned_distinct_series/D1323877/dwi_ax_0
Succ: /raid/yjgu/bladder/bladder_cleaned_distinct_series/D2040726/dwi_ax_0
Succ: /raid/yjgu/bladder/bladder_cleaned_distinct_series/D0902074/dwi_ax_1
Succ: /raid/yjgu/bladder/bladder_cleaned_distinct_series/D0841450/dwi_ax_0
Succ: /raid/yjgu/bladder/bladder_cleaned_distinct_series/D0902074/dwi_ax_0
Succ: /raid/yjgu/bladder/bladder_cleaned_distinct_series/W0327632/dwi_ax_0
Succ: /raid/yjgu/bladder/bladder_cleaned_distinct_series/W0296909/dwi_ax_0
Succ: /raid/yjgu/bladder/bladder_cleaned_distinct_series/D1890530/dwi_ax_0
Succ: /raid/yjgu/bladder/bladder_cleaned_distinct_series/D2245862/dwi_ax_0
Succ: /raid/yjgu/bladder/bladder_cleaned_distinct_series/D1797925/dwi_ax_0
Succ: /raid/yjgu/bladder/bladder_cleaned_distinct_series/D1716975/dwi_ax_0
Succ: /raid/yjgu/bladder/bladder_cleaned_distinct_series/W0336573/dwi_ax_0
Succ: /raid/yjgu/bladder/bladder_cleaned_distinct_series/D0677566/dwi_ax_0
Succ: /raid/yjgu/bladder/bladder_cleaned_distinct_series/D1451840/dwi_ax_0
Succ: /raid/yjgu/bladder/bladder_cleaned_distinct_series/D1889449/dwi_ax_0
Succ: /raid/yjgu/bladder/bladder_cleaned_distinct_series/D2248306/dwi_ax_0
Succ: /raid/yjgu/bladder/bladder_cleaned_distinct_series/D1740839/dwi_ax_0
Succ: /raid/yjgu/bladder/bladder_cleaned_distinct_series/D0565954/dwi_ax_0
Succ: /raid/yjgu/bladder/bladder_cleaned_distinct_series/D2245862/dwi_ax_1
Succ: /raid/yjgu/bladder/bladder_cleaned_distinct_series/D1606611/dwi_ax_0
Succ: /raid/yjgu/bladder/bladder_cleaned_distinct_series/W0322298/dwi_ax_0
Succ: /raid/yjgu/bladder/bladder_cleaned_distinct_series/W0312808/dwi_ax_0
Succ: /raid/yjgu/bladder/bladder_cleaned_distinct_series/D2063134/dwi_ax_0
Succ: /raid/yjgu/bladder/bladder_cleaned_distinct_series/W0206564/dwi_ax_0
Succ: /raid/yjgu/bladder/bladder_cleaned_distinct_series/D1861530/dwi_ax_0
Succ: /raid/yjgu/bladder/bladder_cleaned_distinct_series/D1869136/dwi_ax_0
Succ: /raid/yjgu/bladder/bladder_cleaned_distinct_series/D2157068/dwi_ax_0
Succ: /raid/yjgu/bladder/bladder_cleaned_distinct_series/D1833718/dwi_ax_0
Succ: /raid/yjgu/bladder/bladder_cleaned_distinct_series/D2021620/dwi_ax_0
Succ: /raid/yjgu/bladder/bladder_cleaned_distinct_series/D1171512/dwi_ax_0
Succ: /raid/yjgu/bladder/bladder_cleaned_distinct_series/D1410929/dwi_ax_0
Succ: /raid/yjgu/bladder/bladder_cleaned_distinct_series/D1382404/dwi_ax_0
Succ: /raid/yjgu/bladder/bladder_cleaned_distinct_series/D0537101/dwi_ax_0
Succ: /raid/yjgu/bladder/bladder_cleaned_distinct_series/W0206651/dwi_ax_0
Succ: /raid/yjgu/bladder/bladder_cleaned_distinct_series/W0295802/dwi_ax_0
Succ: /raid/yjgu/bladder/bladder_cleaned_distinct_series/D1987909/dwi_ax_0
Succ: /raid/yjgu/bladder/bladder_cleaned_distinct_series/D1498684/dwi_ax_0
Succ: /raid/yjgu/bladder/bladder_cleaned_distinct_series/D0740458/dwi_ax_0
Succ: /raid/yjgu/bladder/bladder_cleaned_distinct_series/D1791040/dwi_ax_0
Succ: /raid/yjgu/bladder/bladder_cleaned_distinct_series/D1552860/dwi_ax_0
Succ: /raid/yjgu/bladder/bladder_cleaned_distinct_series/D1506503/dwi_ax_0
Succ: /raid/yjgu/bladder/bladder_cleaned_distinct_series/D2119851/dwi_ax_0
Succ: /raid/yjgu/bladder/bladder_cleaned_distinct_series/D1648137/dwi_ax_0
Succ: /raid/yjgu/bladder/bladder_cleaned_distinct_series/D2315088/dwi_ax_0
Succ: /raid/yjgu/bladder/bladder_cleaned_distinct_series/D1765510/dwi_ax_0
Succ: /raid/yjgu/bladder/bladder_cleaned_distinct_series/D2090874/dwi_ax_0
Succ: /raid/yjgu/bladder/bladder_cleaned_distinct_series/D1005614/dwi_ax_0
Succ: /raid/yjgu/bladder/bladder_cleaned_distinct_series/D2246037/dwi_ax_0
Succ: /raid/yjgu/bladder/bladder_cleaned_distinct_series/D1609782/dwi_ax_0
Succ: /raid/yjgu/bladder/bladder_cleaned_distinct_series/D2271870/dwi_ax_0
Succ: /raid/yjgu/bladder/bladder_cleaned_distinct_series/D2034979/dwi_ax_0
Succ: /raid/yjgu/bladder/bladder_cleaned_distinct_series/D1614978/dwi_ax_0
Succ: /raid/yjgu/bladder/bladder_cleaned_distinct_series/D1688354/dwi_ax_1
Succ: /raid/yjgu/bladder/bladder_cleaned_distinct_series/D1688354/dwi_ax_0
Succ: /raid/yjgu/bladder/bladder_cleaned_distinct_series/D0994228/dwi_ax_0
Succ: /raid/yjgu/bladder/bladder_cleaned_distinct_series/D2142944/dwi_ax_0
Succ: /raid/yjgu/bladder/bladder_cleaned_distinct_series/D1075857/dwi_ax_0
Succ: /raid/yjgu/bladder/bladder_cleaned_distinct_series/W0212652/dwi_ax_0
Succ: /raid/yjgu/bladder/bladder_cleaned_distinct_series/D1634968/dwi_ax_0
Succ: /raid/yjgu/bladder/bladder_cleaned_distinct_series/D1925224/dwi_ax_0
Succ: /raid/yjgu/bladder/bladder_cleaned_distinct_series/D2083197/dwi_ax_1
Succ: /raid/yjgu/bladder/bladder_cleaned_distinct_series/D2083197/dwi_ax_0
Succ: /raid/yjgu/bladder/bladder_cleaned_distinct_series/D1608125/dwi_ax_0
Succ: /raid/yjgu/bladder/bladder_cleaned_distinct_series/D1393730/dwi_ax_0
Succ: /raid/yjgu/bladder/bladder_cleaned_distinct_series/D1847911/dwi_ax_0
Succ: /raid/yjgu/bladder/bladder_cleaned_distinct_series/W0201811/dwi_ax_0
Succ: /raid/yjgu/bladder/bladder_cleaned_distinct_series/D1747295/dwi_ax_0
Succ: /raid/yjgu/bladder/bladder_cleaned_distinct_series/W0165400/dwi_ax_0
Succ: /raid/yjgu/bladder/bladder_cleaned_distinct_series/W0251142/dwi_ax_0
Succ: /raid/yjgu/bladder/bladder_cleaned_distinct_series/D2177458/dwi_ax_1
Succ: /raid/yjgu/bladder/bladder_cleaned_distinct_series/D2177458/dwi_ax_0
Succ: /raid/yjgu/bladder/bladder_cleaned_distinct_series/D2035008/dwi_ax_0
Succ: /raid/yjgu/bladder/bladder_cleaned_distinct_series/W0304940/dwi_ax_0
Succ: /raid/yjgu/bladder/bladder_cleaned_distinct_series/D1886792/dwi_ax_0
Succ: /raid/yjgu/bladder/bladder_cleaned_distinct_series/D1151874/dwi_ax_0
Succ: /raid/yjgu/bladder/bladder_cleaned_distinct_series/W0263081/dwi_ax_0
Succ: /raid/yjgu/bladder/bladder_cleaned_distinct_series/D2245265/dwi_ax_0
Succ: /raid/yjgu/bladder/bladder_cleaned_distinct_series/W0294583/dwi_ax_0
Succ: /raid/yjgu/bladder/bladder_cleaned_distinct_series/D2006417/dwi_ax_0
Succ: /raid/yjgu/bladder/bladder_cleaned_distinct_series/D1975870/dwi_ax_0
Succ: /raid/yjgu/bladder/bladder_cleaned_distinct_series/W0204465/dwi_ax_0
Succ: /raid/yjgu/bladder/bladder_cleaned_distinct_series/D2331549/dwi_ax_0
Succ: /raid/yjgu/bladder/bladder_cleaned_distinct_series/D1671701/dwi_ax_0
Succ: /raid/yjgu/bladder/bladder_cleaned_distinct_series/D1325107/dwi_ax_0
Succ: /raid/yjgu/bladder/bladder_cleaned_distinct_series/D0846177/dwi_ax_0
Succ: /raid/yjgu/bladder/bladder_cleaned_distinct_series/D1610568/dwi_ax_0
Succ: /raid/yjgu/bladder/bladder_cleaned_distinct_series/D1861897/dwi_ax_0
Succ: /raid/yjgu/bladder/bladder_cleaned_distinct_series/D0605844/dwi_ax_0
Succ: /raid/yjgu/bladder/bladder_cleaned_distinct_series/D1956517/dwi_ax_0
Succ: /raid/yjgu/bladder/bladder_cleaned_distinct_series/D0839121/dwi_ax_0
Succ: /raid/yjgu/bladder/bladder_cleaned_distinct_series/D1948784/dwi_ax_0
Succ: /raid/yjgu/bladder/bladder_cleaned_distinct_series/D1896534/dwi_ax_0
Succ: /raid/yjgu/bladder/bladder_cleaned_distinct_series/D1948784/dwi_ax_1
Succ: /raid/yjgu/bladder/bladder_cleaned_distinct_series/D1861599/dwi_ax_0
Succ: /raid/yjgu/bladder/bladder_cleaned_distinct_series/D0926695/dwi_ax_0
Succ: /raid/yjgu/bladder/bladder_cleaned_distinct_series/D1812541/dwi_ax_0
Succ: /raid/yjgu/bladder/bladder_cleaned_distinct_series/D1948784/dwi_ax_2
Succ: /raid/yjgu/bladder/bladder_cleaned_distinct_series/W0314342/dwi_ax_0
Succ: /raid/yjgu/bladder/bladder_cleaned_distinct_series/D1952347/dwi_ax_0
Succ: /raid/yjgu/bladder/bladder_cleaned_distinct_series/D1794591/dwi_ax_0
Succ: /raid/yjgu/bladder/bladder_cleaned_distinct_series/D2347786/dwi_ax_0
Succ: /raid/yjgu/bladder/bladder_cleaned_distinct_series/W0317672/dwi_ax_0
Succ: /raid/yjgu/bladder/bladder_cleaned_distinct_series/W0226935/dwi_ax_0
Succ: /raid/yjgu/bladder/bladder_cleaned_distinct_series/D0735232/dwi_ax_0
Succ: /raid/yjgu/bladder/bladder_cleaned_distinct_series/D1838494/dwi_ax_0
Succ: /raid/yjgu/bladder/bladder_cleaned_distinct_series/D1972879/dwi_ax_0
Succ: /raid/yjgu/bladder/bladder_cleaned_distinct_series/D1822086/dwi_ax_0
Succ: /raid/yjgu/bladder/bladder_cleaned_distinct_series/D2156979/dwi_ax_0
Succ: /raid/yjgu/bladder/bladder_cleaned_distinct_series/D1747160/dwi_ax_0
Succ: /raid/yjgu/bladder/bladder_cleaned_distinct_series/D1767024/dwi_ax_0
Succ: /raid/yjgu/bladder/bladder_cleaned_distinct_series/D1588264/dwi_ax_0
Succ: /raid/yjgu/bladder/bladder_cleaned_distinct_series/W0326785/dwi_ax_0
Succ: /raid/yjgu/bladder/bladder_cleaned_distinct_series/D1003126/dwi_ax_1
Succ: /raid/yjgu/bladder/bladder_cleaned_distinct_series/D1841130/dwi_ax_0
Succ: /raid/yjgu/bladder/bladder_cleaned_distinct_series/D1647859/dwi_ax_0
Succ: /raid/yjgu/bladder/bladder_cleaned_distinct_series/W0229979/dwi_ax_0
Succ: /raid/yjgu/bladder/bladder_cleaned_distinct_series/D2088579/dwi_ax_0
Succ: /raid/yjgu/bladder/bladder_cleaned_distinct_series/D1914563/dwi_ax_0
Succ: /raid/yjgu/bladder/bladder_cleaned_distinct_series/D2292033/dwi_ax_0
Succ: /raid/yjgu/bladder/bladder_cleaned_distinct_series/W0312093/dwi_ax_0
Succ: /raid/yjgu/bladder/bladder_cleaned_distinct_series/D2156229/dwi_ax_0
Succ: /raid/yjgu/bladder/bladder_cleaned_distinct_series/D1907143/dwi_ax_0
Succ: /raid/yjgu/bladder/bladder_cleaned_distinct_series/D2311592/dwi_ax_0
Succ: /raid/yjgu/bladder/bladder_cleaned_distinct_series/D2272709/dwi_ax_0
Succ: /raid/yjgu/bladder/bladder_cleaned_distinct_series/D1969624/dwi_ax_1
Succ: /raid/yjgu/bladder/bladder_cleaned_distinct_series/D1969624/dwi_ax_0
Succ: /raid/yjgu/bladder/bladder_cleaned_distinct_series/D1003126/dwi_ax_0
Succ: /raid/yjgu/bladder/bladder_cleaned_distinct_series/W0284711/dwi_ax_0
Succ: /raid/yjgu/bladder/bladder_cleaned_distinct_series/D2321821/dwi_ax_0
Succ: /raid/yjgu/bladder/bladder_cleaned_distinct_series/D2122068/dwi_ax_0
Succ: /raid/yjgu/bladder/bladder_cleaned_distinct_series/D1498980/dwi_ax_0
Succ: /raid/yjgu/bladder/bladder_cleaned_distinct_series/D1888853/dwi_ax_0
Finish: num_succ = 857; num_fail = 3
